Finite-size scaling
Start: Fri Feb 20 12:41:18 PM CET 2026

=== T=2.10  BETA=0.4761904762  (hot) ===
[wn-01-01-08.cluster.roma3:1266311] mca_base_component_repository_open: unable to open mca_btl_openib: libosmcomp.so.4: cannot open shared object file: No such file or directory (ignored)
[wn-01-01-08.cluster.roma3:1266312] mca_base_component_repository_open: unable to open mca_btl_openib: libosmcomp.so.4: cannot open shared object file: No such file or directory (ignored)
[wn-01-01-08.cluster.roma3:1266313] mca_base_component_repository_open: unable to open mca_btl_openib: libosmcomp.so.4: cannot open shared object file: No such file or directory (ignored)
[wn-01-01-08.cluster.roma3:1266314] mca_base_component_repository_open: unable to open mca_btl_openib: libosmcomp.so.4: cannot open shared object file: No such file or directory (ignored)
[wn-01-01-08.cluster.roma3:1266312] mca_base_component_repository_open: unable to open mca_mtl_psm: libpsm_infinipath.so.1: cannot open shared object file: No such file or directory (ignored)
[wn-01-01-08.cluster.roma3:1266314] mca_base_component_repository_open: unable to open mca_mtl_psm: libpsm_infinipath.so.1: cannot open shared object file: No such file or directory (ignored)
[wn-01-01-08.cluster.roma3:1266311] mca_base_component_repository_open: unable to open mca_mtl_psm: libpsm_infinipath.so.1: cannot open shared object file: No such file or directory (ignored)
[wn-01-01-08.cluster.roma3:1266313] mca_base_component_repository_open: unable to open mca_mtl_psm: libpsm_infinipath.so.1: cannot open shared object file: No such file or directory (ignored)
world_size  4 rank 0
N_dim: 2, Npunti: 65536, NThreads: 8, nConfs: 100000, Beta: 0.47619
Memory usage of the rng: 4 Bytes
Output file: output/256x256/meas_T2.1_hot.txt

          PERFORMANCE PROFILING        
Total runtime:                 14.009 s (100.0%)
Computation time:              10.387 s ( 74.1%)
MPI Communication:              1.833 s ( 13.1%)
I/O (file write):               1.312 s (  9.4%)
Initialitation time:            0.311 s (  2.2%)
Overhead:                       0.166 s (  1.2%)
Configurations:               100000
Time per config:                0.000 s
Bulk (rowing) time: 9.303669 s (0.000093 s/conf) | Boundary time: 1.083115 s (0.000011 s/conf)

=== T=2.10  BETA=0.4761904762  (cold) ===
[wn-01-01-08.cluster.roma3:1266378] mca_base_component_repository_open: unable to open mca_btl_openib: libosmcomp.so.4: cannot open shared object file: No such file or directory (ignored)
[wn-01-01-08.cluster.roma3:1266380] mca_base_component_repository_open: unable to open mca_btl_openib: libosmcomp.so.4: cannot open shared object file: No such file or directory (ignored)
[wn-01-01-08.cluster.roma3:1266381] mca_base_component_repository_open: unable to open mca_btl_openib: libosmcomp.so.4: cannot open shared object file: No such file or directory (ignored)
[wn-01-01-08.cluster.roma3:1266379] mca_base_component_repository_open: unable to open mca_btl_openib: libosmcomp.so.4: cannot open shared object file: No such file or directory (ignored)
[wn-01-01-08.cluster.roma3:1266380] mca_base_component_repository_open: unable to open mca_mtl_psm: libpsm_infinipath.so.1: cannot open shared object file: No such file or directory (ignored)
[wn-01-01-08.cluster.roma3:1266378] mca_base_component_repository_open: unable to open mca_mtl_psm: libpsm_infinipath.so.1: cannot open shared object file: No such file or directory (ignored)
[wn-01-01-08.cluster.roma3:1266379] mca_base_component_repository_open: unable to open mca_mtl_psm: libpsm_infinipath.so.1: cannot open shared object file: No such file or directory (ignored)
[wn-01-01-08.cluster.roma3:1266381] mca_base_component_repository_open: unable to open mca_mtl_psm: libpsm_infinipath.so.1: cannot open shared object file: No such file or directory (ignored)
world_size  4 rank 0
N_dim: 2, Npunti: 65536, NThreads: 8, nConfs: 100000, Beta: 0.47619
Memory usage of the rng: 4 Bytes
Output file: output/256x256/meas_T2.1_cold.txt

          PERFORMANCE PROFILING        
Total runtime:                 13.453 s (100.0%)
Computation time:              10.229 s ( 76.0%)
MPI Communication:              1.749 s ( 13.0%)
I/O (file write):               1.302 s (  9.7%)
Initialitation time:            0.075 s (  0.6%)
Overhead:                       0.099 s (  0.7%)
Configurations:               100000
Time per config:                0.000 s
Bulk (rowing) time: 9.177899 s (0.000092 s/conf) | Boundary time: 1.051159 s (0.000011 s/conf)

=== T=2.15  BETA=0.4651162791  (hot) ===
[wn-01-01-08.cluster.roma3:1266427] mca_base_component_repository_open: unable to open mca_btl_openib: libosmcomp.so.4: cannot open shared object file: No such file or directory (ignored)
[wn-01-01-08.cluster.roma3:1266429] mca_base_component_repository_open: unable to open mca_btl_openib: libosmcomp.so.4: cannot open shared object file: No such file or directory (ignored)
[wn-01-01-08.cluster.roma3:1266430] mca_base_component_repository_open: unable to open mca_btl_openib: libosmcomp.so.4: cannot open shared object file: No such file or directory (ignored)
[wn-01-01-08.cluster.roma3:1266428] mca_base_component_repository_open: unable to open mca_btl_openib: libosmcomp.so.4: cannot open shared object file: No such file or directory (ignored)
[wn-01-01-08.cluster.roma3:1266429] mca_base_component_repository_open: unable to open mca_mtl_psm: libpsm_infinipath.so.1: cannot open shared object file: No such file or directory (ignored)
[wn-01-01-08.cluster.roma3:1266427] mca_base_component_repository_open: unable to open mca_mtl_psm: libpsm_infinipath.so.1: cannot open shared object file: No such file or directory (ignored)
[wn-01-01-08.cluster.roma3:1266428] mca_base_component_repository_open: unable to open mca_mtl_psm: libpsm_infinipath.so.1: cannot open shared object file: No such file or directory (ignored)
[wn-01-01-08.cluster.roma3:1266430] mca_base_component_repository_open: unable to open mca_mtl_psm: libpsm_infinipath.so.1: cannot open shared object file: No such file or directory (ignored)
world_size  4 rank 0
N_dim: 2, Npunti: 65536, NThreads: 8, nConfs: 100000, Beta: 0.465116
Memory usage of the rng: 4 Bytes
Output file: output/256x256/meas_T2.15_hot.txt

          PERFORMANCE PROFILING        
Total runtime:                 13.574 s (100.0%)
Computation time:              10.230 s ( 75.4%)
MPI Communication:              1.862 s ( 13.7%)
I/O (file write):               1.311 s (  9.7%)
Initialitation time:            0.073 s (  0.5%)
Overhead:                       0.098 s (  0.7%)
Configurations:               100000
Time per config:                0.000 s
Bulk (rowing) time: 9.160021 s (0.000092 s/conf) | Boundary time: 1.069800 s (0.000011 s/conf)

=== T=2.15  BETA=0.4651162791  (cold) ===
[wn-01-01-08.cluster.roma3:1266477] mca_base_component_repository_open: unable to open mca_btl_openib: libosmcomp.so.4: cannot open shared object file: No such file or directory (ignored)
[wn-01-01-08.cluster.roma3:1266475] mca_base_component_repository_open: unable to open mca_btl_openib: libosmcomp.so.4: cannot open shared object file: No such file or directory (ignored)
[wn-01-01-08.cluster.roma3:1266474] mca_base_component_repository_open: unable to open mca_btl_openib: libosmcomp.so.4: cannot open shared object file: No such file or directory (ignored)
[wn-01-01-08.cluster.roma3:1266476] mca_base_component_repository_open: unable to open mca_btl_openib: libosmcomp.so.4: cannot open shared object file: No such file or directory (ignored)
[wn-01-01-08.cluster.roma3:1266475] mca_base_component_repository_open: unable to open mca_mtl_psm: libpsm_infinipath.so.1: cannot open shared object file: No such file or directory (ignored)
[wn-01-01-08.cluster.roma3:1266474] mca_base_component_repository_open: unable to open mca_mtl_psm: libpsm_infinipath.so.1: cannot open shared object file: No such file or directory (ignored)
[wn-01-01-08.cluster.roma3:1266476] mca_base_component_repository_open: unable to open mca_mtl_psm: libpsm_infinipath.so.1: cannot open shared object file: No such file or directory (ignored)
[wn-01-01-08.cluster.roma3:1266477] mca_base_component_repository_open: unable to open mca_mtl_psm: libpsm_infinipath.so.1: cannot open shared object file: No such file or directory (ignored)
world_size  4 rank 0
N_dim: 2, Npunti: 65536, NThreads: 8, nConfs: 100000, Beta: 0.465116
Memory usage of the rng: 4 Bytes
Output file: output/256x256/meas_T2.15_cold.txt

          PERFORMANCE PROFILING        
Total runtime:                 13.713 s (100.0%)
Computation time:              10.230 s ( 74.6%)
MPI Communication:              1.980 s ( 14.4%)
I/O (file write):               1.330 s (  9.7%)
Initialitation time:            0.076 s (  0.6%)
Overhead:                       0.097 s (  0.7%)
Configurations:               100000
Time per config:                0.000 s
Bulk (rowing) time: 9.183748 s (0.000092 s/conf) | Boundary time: 1.046641 s (0.000010 s/conf)

=== T=2.2  BETA=0.4545454545  (hot) ===
[wn-01-01-08.cluster.roma3:1266542] mca_base_component_repository_open: unable to open mca_btl_openib: libosmcomp.so.4: cannot open shared object file: No such file or directory (ignored)
[wn-01-01-08.cluster.roma3:1266540] mca_base_component_repository_open: unable to open mca_btl_openib: libosmcomp.so.4: cannot open shared object file: No such file or directory (ignored)
[wn-01-01-08.cluster.roma3:1266539] mca_base_component_repository_open: unable to open mca_btl_openib: libosmcomp.so.4: cannot open shared object file: No such file or directory (ignored)
[wn-01-01-08.cluster.roma3:1266541] mca_base_component_repository_open: unable to open mca_btl_openib: libosmcomp.so.4: cannot open shared object file: No such file or directory (ignored)
[wn-01-01-08.cluster.roma3:1266539] mca_base_component_repository_open: unable to open mca_mtl_psm: libpsm_infinipath.so.1: cannot open shared object file: No such file or directory (ignored)
[wn-01-01-08.cluster.roma3:1266541] mca_base_component_repository_open: unable to open mca_mtl_psm: libpsm_infinipath.so.1: cannot open shared object file: No such file or directory (ignored)
[wn-01-01-08.cluster.roma3:1266540] mca_base_component_repository_open: unable to open mca_mtl_psm: libpsm_infinipath.so.1: cannot open shared object file: No such file or directory (ignored)
[wn-01-01-08.cluster.roma3:1266542] mca_base_component_repository_open: unable to open mca_mtl_psm: libpsm_infinipath.so.1: cannot open shared object file: No such file or directory (ignored)
world_size  4 rank 0
N_dim: 2, Npunti: 65536, NThreads: 8, nConfs: 100000, Beta: 0.454545
Memory usage of the rng: 4 Bytes
Output file: output/256x256/meas_T2.2_hot.txt

          PERFORMANCE PROFILING        
Total runtime:                 13.382 s (100.0%)
Computation time:              10.128 s ( 75.7%)
MPI Communication:              1.769 s ( 13.2%)
I/O (file write):               1.307 s (  9.8%)
Initialitation time:            0.075 s (  0.6%)
Overhead:                       0.103 s (  0.8%)
Configurations:               100000
Time per config:                0.000 s
Bulk (rowing) time: 9.073425 s (0.000091 s/conf) | Boundary time: 1.054682 s (0.000011 s/conf)

=== T=2.2  BETA=0.4545454545  (cold) ===
[wn-01-01-08.cluster.roma3:1266589] mca_base_component_repository_open: unable to open mca_btl_openib: libosmcomp.so.4: cannot open shared object file: No such file or directory (ignored)
[wn-01-01-08.cluster.roma3:1266586] mca_base_component_repository_open: unable to open mca_btl_openib: libosmcomp.so.4: cannot open shared object file: No such file or directory (ignored)
[wn-01-01-08.cluster.roma3:1266588] mca_base_component_repository_open: unable to open mca_btl_openib: libosmcomp.so.4: cannot open shared object file: No such file or directory (ignored)
[wn-01-01-08.cluster.roma3:1266587] mca_base_component_repository_open: unable to open mca_btl_openib: libosmcomp.so.4: cannot open shared object file: No such file or directory (ignored)
[wn-01-01-08.cluster.roma3:1266589] mca_base_component_repository_open: unable to open mca_mtl_psm: libpsm_infinipath.so.1: cannot open shared object file: No such file or directory (ignored)
[wn-01-01-08.cluster.roma3:1266587] mca_base_component_repository_open: unable to open mca_mtl_psm: libpsm_infinipath.so.1: cannot open shared object file: No such file or directory (ignored)
[wn-01-01-08.cluster.roma3:1266586] mca_base_component_repository_open: unable to open mca_mtl_psm: libpsm_infinipath.so.1: cannot open shared object file: No such file or directory (ignored)
[wn-01-01-08.cluster.roma3:1266588] mca_base_component_repository_open: unable to open mca_mtl_psm: libpsm_infinipath.so.1: cannot open shared object file: No such file or directory (ignored)
world_size  4 rank 0
N_dim: 2, Npunti: 65536, NThreads: 8, nConfs: 100000, Beta: 0.454545
Memory usage of the rng: 4 Bytes
Output file: output/256x256/meas_T2.2_cold.txt

          PERFORMANCE PROFILING        
Total runtime:                 13.800 s (100.0%)
Computation time:              10.120 s ( 73.3%)
MPI Communication:              2.204 s ( 16.0%)
I/O (file write):               1.286 s (  9.3%)
Initialitation time:            0.077 s (  0.6%)
Overhead:                       0.114 s (  0.8%)
Configurations:               100000
Time per config:                0.000 s
Bulk (rowing) time: 9.097192 s (0.000091 s/conf) | Boundary time: 1.022357 s (0.000010 s/conf)

=== T=2.25  BETA=0.4444444444  (hot) ===
[wn-01-01-08.cluster.roma3:1266658] mca_base_component_repository_open: unable to open mca_btl_openib: libosmcomp.so.4: cannot open shared object file: No such file or directory (ignored)
[wn-01-01-08.cluster.roma3:1266660] mca_base_component_repository_open: unable to open mca_btl_openib: libosmcomp.so.4: cannot open shared object file: No such file or directory (ignored)
[wn-01-01-08.cluster.roma3:1266657] mca_base_component_repository_open: unable to open mca_btl_openib: libosmcomp.so.4: cannot open shared object file: No such file or directory (ignored)
[wn-01-01-08.cluster.roma3:1266659] mca_base_component_repository_open: unable to open mca_btl_openib: libosmcomp.so.4: cannot open shared object file: No such file or directory (ignored)
[wn-01-01-08.cluster.roma3:1266657] mca_base_component_repository_open: unable to open mca_mtl_psm: libpsm_infinipath.so.1: cannot open shared object file: No such file or directory (ignored)
[wn-01-01-08.cluster.roma3:1266659] mca_base_component_repository_open: unable to open mca_mtl_psm: libpsm_infinipath.so.1: cannot open shared object file: No such file or directory (ignored)
[wn-01-01-08.cluster.roma3:1266660] mca_base_component_repository_open: unable to open mca_mtl_psm: libpsm_infinipath.so.1: cannot open shared object file: No such file or directory (ignored)
[wn-01-01-08.cluster.roma3:1266658] mca_base_component_repository_open: unable to open mca_mtl_psm: libpsm_infinipath.so.1: cannot open shared object file: No such file or directory (ignored)
world_size  4 rank 0
N_dim: 2, Npunti: 65536, NThreads: 8, nConfs: 100000, Beta: 0.444444
Memory usage of the rng: 4 Bytes
Output file: output/256x256/meas_T2.25_hot.txt

          PERFORMANCE PROFILING        
Total runtime:                 13.821 s (100.0%)
Computation time:              10.072 s ( 72.9%)
MPI Communication:              2.226 s ( 16.1%)
I/O (file write):               1.339 s (  9.7%)
Initialitation time:            0.076 s (  0.5%)
Overhead:                       0.108 s (  0.8%)
Configurations:               100000
Time per config:                0.000 s
Bulk (rowing) time: 9.022920 s (0.000090 s/conf) | Boundary time: 1.049552 s (0.000010 s/conf)

=== T=2.25  BETA=0.4444444444  (cold) ===
[wn-01-01-08.cluster.roma3:1266704] mca_base_component_repository_open: unable to open mca_btl_openib: libosmcomp.so.4: cannot open shared object file: No such file or directory (ignored)
[wn-01-01-08.cluster.roma3:1266706] mca_base_component_repository_open: unable to open mca_btl_openib: libosmcomp.so.4: cannot open shared object file: No such file or directory (ignored)
[wn-01-01-08.cluster.roma3:1266704] mca_base_component_repository_open: unable to open mca_mtl_psm: libpsm_infinipath.so.1: cannot open shared object file: No such file or directory (ignored)
[wn-01-01-08.cluster.roma3:1266706] mca_base_component_repository_open: unable to open mca_mtl_psm: libpsm_infinipath.so.1: cannot open shared object file: No such file or directory (ignored)
[wn-01-01-08.cluster.roma3:1266707] mca_base_component_repository_open: unable to open mca_btl_openib: libosmcomp.so.4: cannot open shared object file: No such file or directory (ignored)
[wn-01-01-08.cluster.roma3:1266705] mca_base_component_repository_open: unable to open mca_btl_openib: libosmcomp.so.4: cannot open shared object file: No such file or directory (ignored)
[wn-01-01-08.cluster.roma3:1266707] mca_base_component_repository_open: unable to open mca_mtl_psm: libpsm_infinipath.so.1: cannot open shared object file: No such file or directory (ignored)
[wn-01-01-08.cluster.roma3:1266705] mca_base_component_repository_open: unable to open mca_mtl_psm: libpsm_infinipath.so.1: cannot open shared object file: No such file or directory (ignored)
world_size  4 rank 0
N_dim: 2, Npunti: 65536, NThreads: 8, nConfs: 100000, Beta: 0.444444
Memory usage of the rng: 4 Bytes
Output file: output/256x256/meas_T2.25_cold.txt

          PERFORMANCE PROFILING        
Total runtime:                 13.945 s (100.0%)
Computation time:              10.475 s ( 75.1%)
MPI Communication:              1.860 s ( 13.3%)
I/O (file write):               1.347 s (  9.7%)
Initialitation time:            0.147 s (  1.1%)
Overhead:                       0.116 s (  0.8%)
Configurations:               100000
Time per config:                0.000 s
Bulk (rowing) time: 9.402623 s (0.000094 s/conf) | Boundary time: 1.072532 s (0.000011 s/conf)

=== T=2.3  BETA=0.4347826087  (hot) ===
[wn-01-01-08.cluster.roma3:1266767] mca_base_component_repository_open: unable to open mca_btl_openib: libosmcomp.so.4: cannot open shared object file: No such file or directory (ignored)
[wn-01-01-08.cluster.roma3:1266768] mca_base_component_repository_open: unable to open mca_btl_openib: libosmcomp.so.4: cannot open shared object file: No such file or directory (ignored)
[wn-01-01-08.cluster.roma3:1266770] mca_base_component_repository_open: unable to open mca_btl_openib: libosmcomp.so.4: cannot open shared object file: No such file or directory (ignored)
[wn-01-01-08.cluster.roma3:1266769] mca_base_component_repository_open: unable to open mca_btl_openib: libosmcomp.so.4: cannot open shared object file: No such file or directory (ignored)
[wn-01-01-08.cluster.roma3:1266769] mca_base_component_repository_open: unable to open mca_mtl_psm: libpsm_infinipath.so.1: cannot open shared object file: No such file or directory (ignored)
[wn-01-01-08.cluster.roma3:1266768] mca_base_component_repository_open: unable to open mca_mtl_psm: libpsm_infinipath.so.1: cannot open shared object file: No such file or directory (ignored)
[wn-01-01-08.cluster.roma3:1266767] mca_base_component_repository_open: unable to open mca_mtl_psm: libpsm_infinipath.so.1: cannot open shared object file: No such file or directory (ignored)
[wn-01-01-08.cluster.roma3:1266770] mca_base_component_repository_open: unable to open mca_mtl_psm: libpsm_infinipath.so.1: cannot open shared object file: No such file or directory (ignored)
world_size  4 rank 0
N_dim: 2, Npunti: 65536, NThreads: 8, nConfs: 100000, Beta: 0.434783
Memory usage of the rng: 4 Bytes
Output file: output/256x256/meas_T2.3_hot.txt

          PERFORMANCE PROFILING        
Total runtime:                 13.438 s (100.0%)
Computation time:              10.104 s ( 75.2%)
MPI Communication:              1.816 s ( 13.5%)
I/O (file write):               1.328 s (  9.9%)
Initialitation time:            0.075 s (  0.6%)
Overhead:                       0.115 s (  0.9%)
Configurations:               100000
Time per config:                0.000 s
Bulk (rowing) time: 9.015864 s (0.000090 s/conf) | Boundary time: 1.088034 s (0.000011 s/conf)

=== T=2.3  BETA=0.4347826087  (cold) ===
[wn-01-01-08.cluster.roma3:1266814] mca_base_component_repository_open: unable to open mca_btl_openib: libosmcomp.so.4: cannot open shared object file: No such file or directory (ignored)
[wn-01-01-08.cluster.roma3:1266816] mca_base_component_repository_open: unable to open mca_btl_openib: libosmcomp.so.4: cannot open shared object file: No such file or directory (ignored)
[wn-01-01-08.cluster.roma3:1266817] mca_base_component_repository_open: unable to open mca_btl_openib: libosmcomp.so.4: cannot open shared object file: No such file or directory (ignored)
[wn-01-01-08.cluster.roma3:1266815] mca_base_component_repository_open: unable to open mca_btl_openib: libosmcomp.so.4: cannot open shared object file: No such file or directory (ignored)
[wn-01-01-08.cluster.roma3:1266816] mca_base_component_repository_open: unable to open mca_mtl_psm: libpsm_infinipath.so.1: cannot open shared object file: No such file or directory (ignored)
[wn-01-01-08.cluster.roma3:1266814] mca_base_component_repository_open: unable to open mca_mtl_psm: libpsm_infinipath.so.1: cannot open shared object file: No such file or directory (ignored)
[wn-01-01-08.cluster.roma3:1266817] mca_base_component_repository_open: unable to open mca_mtl_psm: libpsm_infinipath.so.1: cannot open shared object file: No such file or directory (ignored)
[wn-01-01-08.cluster.roma3:1266815] mca_base_component_repository_open: unable to open mca_mtl_psm: libpsm_infinipath.so.1: cannot open shared object file: No such file or directory (ignored)
world_size  4 rank 0
N_dim: 2, Npunti: 65536, NThreads: 8, nConfs: 100000, Beta: 0.434783
Memory usage of the rng: 4 Bytes
Output file: output/256x256/meas_T2.3_cold.txt

          PERFORMANCE PROFILING        
Total runtime:                 13.346 s (100.0%)
Computation time:              10.026 s ( 75.1%)
MPI Communication:              1.820 s ( 13.6%)
I/O (file write):               1.330 s ( 10.0%)
Initialitation time:            0.077 s (  0.6%)
Overhead:                       0.093 s (  0.7%)
Configurations:               100000
Time per config:                0.000 s
Bulk (rowing) time: 8.979968 s (0.000090 s/conf) | Boundary time: 1.046092 s (0.000010 s/conf)

=== T=2.35  BETA=0.4255319149  (hot) ===
[wn-01-01-08.cluster.roma3:1266872] mca_base_component_repository_open: unable to open mca_btl_openib: libosmcomp.so.4: cannot open shared object file: No such file or directory (ignored)
[wn-01-01-08.cluster.roma3:1266874] mca_base_component_repository_open: unable to open mca_btl_openib: libosmcomp.so.4: cannot open shared object file: No such file or directory (ignored)
[wn-01-01-08.cluster.roma3:1266875] mca_base_component_repository_open: unable to open mca_btl_openib: libosmcomp.so.4: cannot open shared object file: No such file or directory (ignored)
[wn-01-01-08.cluster.roma3:1266873] mca_base_component_repository_open: unable to open mca_btl_openib: libosmcomp.so.4: cannot open shared object file: No such file or directory (ignored)
[wn-01-01-08.cluster.roma3:1266875] mca_base_component_repository_open: unable to open mca_mtl_psm: libpsm_infinipath.so.1: cannot open shared object file: No such file or directory (ignored)
[wn-01-01-08.cluster.roma3:1266873] mca_base_component_repository_open: unable to open mca_mtl_psm: libpsm_infinipath.so.1: cannot open shared object file: No such file or directory (ignored)
[wn-01-01-08.cluster.roma3:1266874] mca_base_component_repository_open: unable to open mca_mtl_psm: libpsm_infinipath.so.1: cannot open shared object file: No such file or directory (ignored)
[wn-01-01-08.cluster.roma3:1266872] mca_base_component_repository_open: unable to open mca_mtl_psm: libpsm_infinipath.so.1: cannot open shared object file: No such file or directory (ignored)
world_size  4 rank 0
N_dim: 2, Npunti: 65536, NThreads: 8, nConfs: 100000, Beta: 0.425532
Memory usage of the rng: 4 Bytes
Output file: output/256x256/meas_T2.35_hot.txt

          PERFORMANCE PROFILING        
Total runtime:                 13.675 s (100.0%)
Computation time:              10.019 s ( 73.3%)
MPI Communication:              2.150 s ( 15.7%)
I/O (file write):               1.318 s (  9.6%)
Initialitation time:            0.076 s (  0.6%)
Overhead:                       0.112 s (  0.8%)
Configurations:               100000
Time per config:                0.000 s
Bulk (rowing) time: 8.942374 s (0.000089 s/conf) | Boundary time: 1.076196 s (0.000011 s/conf)

=== T=2.35  BETA=0.4255319149  (cold) ===
[wn-01-01-08.cluster.roma3:1266919] mca_base_component_repository_open: unable to open mca_btl_openib: libosmcomp.so.4: cannot open shared object file: No such file or directory (ignored)
[wn-01-01-08.cluster.roma3:1266921] mca_base_component_repository_open: unable to open mca_btl_openib: libosmcomp.so.4: cannot open shared object file: No such file or directory (ignored)
[wn-01-01-08.cluster.roma3:1266922] mca_base_component_repository_open: unable to open mca_btl_openib: libosmcomp.so.4: cannot open shared object file: No such file or directory (ignored)
[wn-01-01-08.cluster.roma3:1266920] mca_base_component_repository_open: unable to open mca_btl_openib: libosmcomp.so.4: cannot open shared object file: No such file or directory (ignored)
[wn-01-01-08.cluster.roma3:1266921] mca_base_component_repository_open: unable to open mca_mtl_psm: libpsm_infinipath.so.1: cannot open shared object file: No such file or directory (ignored)
[wn-01-01-08.cluster.roma3:1266922] mca_base_component_repository_open: unable to open mca_mtl_psm: libpsm_infinipath.so.1: cannot open shared object file: No such file or directory (ignored)
[wn-01-01-08.cluster.roma3:1266919] mca_base_component_repository_open: unable to open mca_mtl_psm: libpsm_infinipath.so.1: cannot open shared object file: No such file or directory (ignored)
[wn-01-01-08.cluster.roma3:1266920] mca_base_component_repository_open: unable to open mca_mtl_psm: libpsm_infinipath.so.1: cannot open shared object file: No such file or directory (ignored)
world_size  4 rank 0
N_dim: 2, Npunti: 65536, NThreads: 8, nConfs: 100000, Beta: 0.425532
Memory usage of the rng: 4 Bytes
Output file: output/256x256/meas_T2.35_cold.txt

          PERFORMANCE PROFILING        
Total runtime:                 13.753 s (100.0%)
Computation time:              10.266 s ( 74.6%)
MPI Communication:              1.890 s ( 13.7%)
I/O (file write):               1.388 s ( 10.1%)
Initialitation time:            0.099 s (  0.7%)
Overhead:                       0.109 s (  0.8%)
Configurations:               100000
Time per config:                0.000 s
Bulk (rowing) time: 9.199082 s (0.000092 s/conf) | Boundary time: 1.067101 s (0.000011 s/conf)

=== T=2.4  BETA=0.4166666667  (hot) ===
[wn-01-01-08.cluster.roma3:1266983] mca_base_component_repository_open: unable to open mca_btl_openib: libosmcomp.so.4: cannot open shared object file: No such file or directory (ignored)
[wn-01-01-08.cluster.roma3:1266980] mca_base_component_repository_open: unable to open mca_btl_openib: libosmcomp.so.4: cannot open shared object file: No such file or directory (ignored)
[wn-01-01-08.cluster.roma3:1266981] mca_base_component_repository_open: unable to open mca_btl_openib: libosmcomp.so.4: cannot open shared object file: No such file or directory (ignored)
[wn-01-01-08.cluster.roma3:1266982] mca_base_component_repository_open: unable to open mca_btl_openib: libosmcomp.so.4: cannot open shared object file: No such file or directory (ignored)
[wn-01-01-08.cluster.roma3:1266983] mca_base_component_repository_open: unable to open mca_mtl_psm: libpsm_infinipath.so.1: cannot open shared object file: No such file or directory (ignored)
[wn-01-01-08.cluster.roma3:1266980] mca_base_component_repository_open: unable to open mca_mtl_psm: libpsm_infinipath.so.1: cannot open shared object file: No such file or directory (ignored)
[wn-01-01-08.cluster.roma3:1266981] mca_base_component_repository_open: unable to open mca_mtl_psm: libpsm_infinipath.so.1: cannot open shared object file: No such file or directory (ignored)
[wn-01-01-08.cluster.roma3:1266982] mca_base_component_repository_open: unable to open mca_mtl_psm: libpsm_infinipath.so.1: cannot open shared object file: No such file or directory (ignored)
world_size  4 rank 0
N_dim: 2, Npunti: 65536, NThreads: 8, nConfs: 100000, Beta: 0.416667
Memory usage of the rng: 4 Bytes
Output file: output/256x256/meas_T2.4_hot.txt

          PERFORMANCE PROFILING        
Total runtime:                 13.224 s (100.0%)
Computation time:               9.911 s ( 74.9%)
MPI Communication:              1.816 s ( 13.7%)
I/O (file write):               1.326 s ( 10.0%)
Initialitation time:            0.076 s (  0.6%)
Overhead:                       0.095 s (  0.7%)
Configurations:               100000
Time per config:                0.000 s
Bulk (rowing) time: 8.851920 s (0.000089 s/conf) | Boundary time: 1.058729 s (0.000011 s/conf)

=== T=2.4  BETA=0.4166666667  (cold) ===
[wn-01-01-08.cluster.roma3:1267027] mca_base_component_repository_open: unable to open mca_btl_openib: libosmcomp.so.4: cannot open shared object file: No such file or directory (ignored)
[wn-01-01-08.cluster.roma3:1267029] mca_base_component_repository_open: unable to open mca_btl_openib: libosmcomp.so.4: cannot open shared object file: No such file or directory (ignored)
[wn-01-01-08.cluster.roma3:1267030] mca_base_component_repository_open: unable to open mca_btl_openib: libosmcomp.so.4: cannot open shared object file: No such file or directory (ignored)
[wn-01-01-08.cluster.roma3:1267028] mca_base_component_repository_open: unable to open mca_btl_openib: libosmcomp.so.4: cannot open shared object file: No such file or directory (ignored)
[wn-01-01-08.cluster.roma3:1267029] mca_base_component_repository_open: unable to open mca_mtl_psm: libpsm_infinipath.so.1: cannot open shared object file: No such file or directory (ignored)
[wn-01-01-08.cluster.roma3:1267027] mca_base_component_repository_open: unable to open mca_mtl_psm: libpsm_infinipath.so.1: cannot open shared object file: No such file or directory (ignored)
[wn-01-01-08.cluster.roma3:1267030] mca_base_component_repository_open: unable to open mca_mtl_psm: libpsm_infinipath.so.1: cannot open shared object file: No such file or directory (ignored)
[wn-01-01-08.cluster.roma3:1267028] mca_base_component_repository_open: unable to open mca_mtl_psm: libpsm_infinipath.so.1: cannot open shared object file: No such file or directory (ignored)
world_size  4 rank 0
N_dim: 2, Npunti: 65536, NThreads: 8, nConfs: 100000, Beta: 0.416667
Memory usage of the rng: 4 Bytes
Output file: output/256x256/meas_T2.4_cold.txt

          PERFORMANCE PROFILING        
Total runtime:                 13.206 s (100.0%)
Computation time:               9.849 s ( 74.6%)
MPI Communication:              1.813 s ( 13.7%)
I/O (file write):               1.354 s ( 10.3%)
Initialitation time:            0.075 s (  0.6%)
Overhead:                       0.115 s (  0.9%)
Configurations:               100000
Time per config:                0.000 s
Bulk (rowing) time: 8.775339 s (0.000088 s/conf) | Boundary time: 1.073362 s (0.000011 s/conf)

=== T=2.45  BETA=0.4081632653  (hot) ===
[wn-01-01-08.cluster.roma3:1267075] mca_base_component_repository_open: unable to open mca_btl_openib: libosmcomp.so.4: cannot open shared object file: No such file or directory (ignored)
[wn-01-01-08.cluster.roma3:1267076] mca_base_component_repository_open: unable to open mca_btl_openib: libosmcomp.so.4: cannot open shared object file: No such file or directory (ignored)
[wn-01-01-08.cluster.roma3:1267078] mca_base_component_repository_open: unable to open mca_btl_openib: libosmcomp.so.4: cannot open shared object file: No such file or directory (ignored)
[wn-01-01-08.cluster.roma3:1267077] mca_base_component_repository_open: unable to open mca_btl_openib: libosmcomp.so.4: cannot open shared object file: No such file or directory (ignored)
[wn-01-01-08.cluster.roma3:1267075] mca_base_component_repository_open: unable to open mca_mtl_psm: libpsm_infinipath.so.1: cannot open shared object file: No such file or directory (ignored)
[wn-01-01-08.cluster.roma3:1267077] mca_base_component_repository_open: unable to open mca_mtl_psm: libpsm_infinipath.so.1: cannot open shared object file: No such file or directory (ignored)
[wn-01-01-08.cluster.roma3:1267076] mca_base_component_repository_open: unable to open mca_mtl_psm: libpsm_infinipath.so.1: cannot open shared object file: No such file or directory (ignored)
[wn-01-01-08.cluster.roma3:1267078] mca_base_component_repository_open: unable to open mca_mtl_psm: libpsm_infinipath.so.1: cannot open shared object file: No such file or directory (ignored)
world_size  4 rank 0
N_dim: 2, Npunti: 65536, NThreads: 8, nConfs: 100000, Beta: 0.408163
Memory usage of the rng: 4 Bytes
Output file: output/256x256/meas_T2.45_hot.txt

          PERFORMANCE PROFILING        
Total runtime:                 13.689 s (100.0%)
Computation time:              10.277 s ( 75.1%)
MPI Communication:              1.845 s ( 13.5%)
I/O (file write):               1.382 s ( 10.1%)
Initialitation time:            0.080 s (  0.6%)
Overhead:                       0.106 s (  0.8%)
Configurations:               100000
Time per config:                0.000 s
Bulk (rowing) time: 9.177138 s (0.000092 s/conf) | Boundary time: 1.099724 s (0.000011 s/conf)

=== T=2.45  BETA=0.4081632653  (cold) ===
[wn-01-01-08.cluster.roma3:1267130] mca_base_component_repository_open: unable to open mca_btl_openib: libosmcomp.so.4: cannot open shared object file: No such file or directory (ignored)
[wn-01-01-08.cluster.roma3:1267132] mca_base_component_repository_open: unable to open mca_btl_openib: libosmcomp.so.4: cannot open shared object file: No such file or directory (ignored)
[wn-01-01-08.cluster.roma3:1267133] mca_base_component_repository_open: unable to open mca_btl_openib: libosmcomp.so.4: cannot open shared object file: No such file or directory (ignored)
[wn-01-01-08.cluster.roma3:1267131] mca_base_component_repository_open: unable to open mca_btl_openib: libosmcomp.so.4: cannot open shared object file: No such file or directory (ignored)
[wn-01-01-08.cluster.roma3:1267130] mca_base_component_repository_open: unable to open mca_mtl_psm: libpsm_infinipath.so.1: cannot open shared object file: No such file or directory (ignored)
[wn-01-01-08.cluster.roma3:1267132] mca_base_component_repository_open: unable to open mca_mtl_psm: libpsm_infinipath.so.1: cannot open shared object file: No such file or directory (ignored)
[wn-01-01-08.cluster.roma3:1267133] mca_base_component_repository_open: unable to open mca_mtl_psm: libpsm_infinipath.so.1: cannot open shared object file: No such file or directory (ignored)
[wn-01-01-08.cluster.roma3:1267131] mca_base_component_repository_open: unable to open mca_mtl_psm: libpsm_infinipath.so.1: cannot open shared object file: No such file or directory (ignored)
world_size  4 rank 0
N_dim: 2, Npunti: 65536, NThreads: 8, nConfs: 100000, Beta: 0.408163
Memory usage of the rng: 4 Bytes
Output file: output/256x256/meas_T2.45_cold.txt

          PERFORMANCE PROFILING        
Total runtime:                 24.774 s (100.0%)
Computation time:              13.903 s ( 56.1%)
MPI Communication:              9.072 s ( 36.6%)
I/O (file write):               1.609 s (  6.5%)
Initialitation time:            0.075 s (  0.3%)
Overhead:                       0.115 s (  0.5%)
Configurations:               100000
Time per config:                0.000 s
Bulk (rowing) time: 11.934611 s (0.000119 s/conf) | Boundary time: 1.968832 s (0.000020 s/conf)

=== T=2.5  BETA=0.4000000000  (hot) ===
[wn-01-01-08.cluster.roma3:1268445] mca_base_component_repository_open: unable to open mca_btl_openib: libosmcomp.so.4: cannot open shared object file: No such file or directory (ignored)
[wn-01-01-08.cluster.roma3:1268448] mca_base_component_repository_open: unable to open mca_btl_openib: libosmcomp.so.4: cannot open shared object file: No such file or directory (ignored)
[wn-01-01-08.cluster.roma3:1268447] mca_base_component_repository_open: unable to open mca_btl_openib: libosmcomp.so.4: cannot open shared object file: No such file or directory (ignored)
[wn-01-01-08.cluster.roma3:1268446] mca_base_component_repository_open: unable to open mca_btl_openib: libosmcomp.so.4: cannot open shared object file: No such file or directory (ignored)
[wn-01-01-08.cluster.roma3:1268445] mca_base_component_repository_open: unable to open mca_mtl_psm: libpsm_infinipath.so.1: cannot open shared object file: No such file or directory (ignored)
[wn-01-01-08.cluster.roma3:1268447] mca_base_component_repository_open: unable to open mca_mtl_psm: libpsm_infinipath.so.1: cannot open shared object file: No such file or directory (ignored)
[wn-01-01-08.cluster.roma3:1268448] mca_base_component_repository_open: unable to open mca_mtl_psm: libpsm_infinipath.so.1: cannot open shared object file: No such file or directory (ignored)
[wn-01-01-08.cluster.roma3:1268446] mca_base_component_repository_open: unable to open mca_mtl_psm: libpsm_infinipath.so.1: cannot open shared object file: No such file or directory (ignored)
world_size  4 rank 0
N_dim: 2, Npunti: 65536, NThreads: 8, nConfs: 100000, Beta: 0.4
Memory usage of the rng: 4 Bytes
Output file: output/256x256/meas_T2.5_hot.txt

          PERFORMANCE PROFILING        
Total runtime:                 13.124 s (100.0%)
Computation time:               9.791 s ( 74.6%)
MPI Communication:              1.820 s ( 13.9%)
I/O (file write):               1.332 s ( 10.1%)
Initialitation time:            0.076 s (  0.6%)
Overhead:                       0.106 s (  0.8%)
Configurations:               100000
Time per config:                0.000 s
Bulk (rowing) time: 8.724392 s (0.000087 s/conf) | Boundary time: 1.066294 s (0.000011 s/conf)

=== T=2.5  BETA=0.4000000000  (cold) ===
[wn-01-01-08.cluster.roma3:1268492] mca_base_component_repository_open: unable to open mca_btl_openib: libosmcomp.so.4: cannot open shared object file: No such file or directory (ignored)
[wn-01-01-08.cluster.roma3:1268494] mca_base_component_repository_open: unable to open mca_btl_openib: libosmcomp.so.4: cannot open shared object file: No such file or directory (ignored)
[wn-01-01-08.cluster.roma3:1268495] mca_base_component_repository_open: unable to open mca_btl_openib: libosmcomp.so.4: cannot open shared object file: No such file or directory (ignored)
[wn-01-01-08.cluster.roma3:1268493] mca_base_component_repository_open: unable to open mca_btl_openib: libosmcomp.so.4: cannot open shared object file: No such file or directory (ignored)
[wn-01-01-08.cluster.roma3:1268492] mca_base_component_repository_open: unable to open mca_mtl_psm: libpsm_infinipath.so.1: cannot open shared object file: No such file or directory (ignored)
[wn-01-01-08.cluster.roma3:1268495] mca_base_component_repository_open: unable to open mca_mtl_psm: libpsm_infinipath.so.1: cannot open shared object file: No such file or directory (ignored)
[wn-01-01-08.cluster.roma3:1268493] mca_base_component_repository_open: unable to open mca_mtl_psm: libpsm_infinipath.so.1: cannot open shared object file: No such file or directory (ignored)
[wn-01-01-08.cluster.roma3:1268494] mca_base_component_repository_open: unable to open mca_mtl_psm: libpsm_infinipath.so.1: cannot open shared object file: No such file or directory (ignored)
world_size  4 rank 0
N_dim: 2, Npunti: 65536, NThreads: 8, nConfs: 100000, Beta: 0.4
Memory usage of the rng: 4 Bytes
Output file: output/256x256/meas_T2.5_cold.txt

          PERFORMANCE PROFILING        
Total runtime:                 13.164 s (100.0%)
Computation time:               9.777 s ( 74.3%)
MPI Communication:              1.871 s ( 14.2%)
I/O (file write):               1.335 s ( 10.1%)
Initialitation time:            0.077 s (  0.6%)
Overhead:                       0.103 s (  0.8%)
Configurations:               100000
Time per config:                0.000 s
Bulk (rowing) time: 8.761198 s (0.000088 s/conf) | Boundary time: 1.015450 s (0.000010 s/conf)

=== T=2.55  BETA=0.3921568627  (hot) ===
[wn-01-01-08.cluster.roma3:1268546] mca_base_component_repository_open: unable to open mca_btl_openib: libosmcomp.so.4: cannot open shared object file: No such file or directory (ignored)
[wn-01-01-08.cluster.roma3:1268549] mca_base_component_repository_open: unable to open mca_btl_openib: libosmcomp.so.4: cannot open shared object file: No such file or directory (ignored)
[wn-01-01-08.cluster.roma3:1268547] mca_base_component_repository_open: unable to open mca_btl_openib: libosmcomp.so.4: cannot open shared object file: No such file or directory (ignored)
[wn-01-01-08.cluster.roma3:1268548] mca_base_component_repository_open: unable to open mca_btl_openib: libosmcomp.so.4: cannot open shared object file: No such file or directory (ignored)
[wn-01-01-08.cluster.roma3:1268546] mca_base_component_repository_open: unable to open mca_mtl_psm: libpsm_infinipath.so.1: cannot open shared object file: No such file or directory (ignored)
[wn-01-01-08.cluster.roma3:1268549] mca_base_component_repository_open: unable to open mca_mtl_psm: libpsm_infinipath.so.1: cannot open shared object file: No such file or directory (ignored)
[wn-01-01-08.cluster.roma3:1268547] mca_base_component_repository_open: unable to open mca_mtl_psm: libpsm_infinipath.so.1: cannot open shared object file: No such file or directory (ignored)
[wn-01-01-08.cluster.roma3:1268548] mca_base_component_repository_open: unable to open mca_mtl_psm: libpsm_infinipath.so.1: cannot open shared object file: No such file or directory (ignored)
world_size  4 rank 0
N_dim: 2, Npunti: 65536, NThreads: 8, nConfs: 100000, Beta: 0.392157
Memory usage of the rng: 4 Bytes
Output file: output/256x256/meas_T2.55_hot.txt

          PERFORMANCE PROFILING        
Total runtime:                 13.114 s (100.0%)
Computation time:               9.793 s ( 74.7%)
MPI Communication:              1.823 s ( 13.9%)
I/O (file write):               1.315 s ( 10.0%)
Initialitation time:            0.079 s (  0.6%)
Overhead:                       0.104 s (  0.8%)
Configurations:               100000
Time per config:                0.000 s
Bulk (rowing) time: 8.730968 s (0.000087 s/conf) | Boundary time: 1.061657 s (0.000011 s/conf)

=== T=2.55  BETA=0.3921568627  (cold) ===
[wn-01-01-08.cluster.roma3:1268593] mca_base_component_repository_open: unable to open mca_btl_openib: libosmcomp.so.4: cannot open shared object file: No such file or directory (ignored)
[wn-01-01-08.cluster.roma3:1268595] mca_base_component_repository_open: unable to open mca_btl_openib: libosmcomp.so.4: cannot open shared object file: No such file or directory (ignored)
[wn-01-01-08.cluster.roma3:1268596] mca_base_component_repository_open: unable to open mca_btl_openib: libosmcomp.so.4: cannot open shared object file: No such file or directory (ignored)
[wn-01-01-08.cluster.roma3:1268594] mca_base_component_repository_open: unable to open mca_btl_openib: libosmcomp.so.4: cannot open shared object file: No such file or directory (ignored)
[wn-01-01-08.cluster.roma3:1268595] mca_base_component_repository_open: unable to open mca_mtl_psm: libpsm_infinipath.so.1: cannot open shared object file: No such file or directory (ignored)
[wn-01-01-08.cluster.roma3:1268593] mca_base_component_repository_open: unable to open mca_mtl_psm: libpsm_infinipath.so.1: cannot open shared object file: No such file or directory (ignored)
[wn-01-01-08.cluster.roma3:1268594] mca_base_component_repository_open: unable to open mca_mtl_psm: libpsm_infinipath.so.1: cannot open shared object file: No such file or directory (ignored)
[wn-01-01-08.cluster.roma3:1268596] mca_base_component_repository_open: unable to open mca_mtl_psm: libpsm_infinipath.so.1: cannot open shared object file: No such file or directory (ignored)
world_size  4 rank 0
N_dim: 2, Npunti: 65536, NThreads: 8, nConfs: 100000, Beta: 0.392157
Memory usage of the rng: 4 Bytes
Output file: output/256x256/meas_T2.55_cold.txt

          PERFORMANCE PROFILING        
Total runtime:                 13.521 s (100.0%)
Computation time:              10.014 s ( 74.1%)
MPI Communication:              1.858 s ( 13.7%)
I/O (file write):               1.363 s ( 10.1%)
Initialitation time:            0.142 s (  1.1%)
Overhead:                       0.144 s (  1.1%)
Configurations:               100000
Time per config:                0.000 s
Bulk (rowing) time: 8.961294 s (0.000090 s/conf) | Boundary time: 1.053162 s (0.000011 s/conf)

=== T=2.6  BETA=0.3846153846  (hot) ===
[wn-01-01-08.cluster.roma3:1268655] mca_base_component_repository_open: unable to open mca_btl_openib: libosmcomp.so.4: cannot open shared object file: No such file or directory (ignored)
[wn-01-01-08.cluster.roma3:1268657] mca_base_component_repository_open: unable to open mca_btl_openib: libosmcomp.so.4: cannot open shared object file: No such file or directory (ignored)
[wn-01-01-08.cluster.roma3:1268654] mca_base_component_repository_open: unable to open mca_btl_openib: libosmcomp.so.4: cannot open shared object file: No such file or directory (ignored)
[wn-01-01-08.cluster.roma3:1268656] mca_base_component_repository_open: unable to open mca_btl_openib: libosmcomp.so.4: cannot open shared object file: No such file or directory (ignored)
[wn-01-01-08.cluster.roma3:1268657] mca_base_component_repository_open: unable to open mca_mtl_psm: libpsm_infinipath.so.1: cannot open shared object file: No such file or directory (ignored)
[wn-01-01-08.cluster.roma3:1268655] mca_base_component_repository_open: unable to open mca_mtl_psm: libpsm_infinipath.so.1: cannot open shared object file: No such file or directory (ignored)
[wn-01-01-08.cluster.roma3:1268654] mca_base_component_repository_open: unable to open mca_mtl_psm: libpsm_infinipath.so.1: cannot open shared object file: No such file or directory (ignored)
[wn-01-01-08.cluster.roma3:1268656] mca_base_component_repository_open: unable to open mca_mtl_psm: libpsm_infinipath.so.1: cannot open shared object file: No such file or directory (ignored)
world_size  4 rank 0
N_dim: 2, Npunti: 65536, NThreads: 8, nConfs: 100000, Beta: 0.384615
Memory usage of the rng: 4 Bytes
Output file: output/256x256/meas_T2.6_hot.txt

          PERFORMANCE PROFILING        
Total runtime:                 13.025 s (100.0%)
Computation time:               9.766 s ( 75.0%)
MPI Communication:              1.765 s ( 13.6%)
I/O (file write):               1.324 s ( 10.2%)
Initialitation time:            0.076 s (  0.6%)
Overhead:                       0.094 s (  0.7%)
Configurations:               100000
Time per config:                0.000 s
Bulk (rowing) time: 8.730851 s (0.000087 s/conf) | Boundary time: 1.035599 s (0.000010 s/conf)

=== T=2.6  BETA=0.3846153846  (cold) ===
[wn-01-01-08.cluster.roma3:1268703] mca_base_component_repository_open: unable to open mca_btl_openib: libosmcomp.so.4: cannot open shared object file: No such file or directory (ignored)
[wn-01-01-08.cluster.roma3:1268702] mca_base_component_repository_open: unable to open mca_btl_openib: libosmcomp.so.4: cannot open shared object file: No such file or directory (ignored)
[wn-01-01-08.cluster.roma3:1268704] mca_base_component_repository_open: unable to open mca_btl_openib: libosmcomp.so.4: cannot open shared object file: No such file or directory (ignored)
[wn-01-01-08.cluster.roma3:1268701] mca_base_component_repository_open: unable to open mca_btl_openib: libosmcomp.so.4: cannot open shared object file: No such file or directory (ignored)
[wn-01-01-08.cluster.roma3:1268704] mca_base_component_repository_open: unable to open mca_mtl_psm: libpsm_infinipath.so.1: cannot open shared object file: No such file or directory (ignored)
[wn-01-01-08.cluster.roma3:1268703] mca_base_component_repository_open: unable to open mca_mtl_psm: libpsm_infinipath.so.1: cannot open shared object file: No such file or directory (ignored)
[wn-01-01-08.cluster.roma3:1268702] mca_base_component_repository_open: unable to open mca_mtl_psm: libpsm_infinipath.so.1: cannot open shared object file: No such file or directory (ignored)
[wn-01-01-08.cluster.roma3:1268701] mca_base_component_repository_open: unable to open mca_mtl_psm: libpsm_infinipath.so.1: cannot open shared object file: No such file or directory (ignored)
world_size  4 rank 0
N_dim: 2, Npunti: 65536, NThreads: 8, nConfs: 100000, Beta: 0.384615
Memory usage of the rng: 4 Bytes
Output file: output/256x256/meas_T2.6_cold.txt

          PERFORMANCE PROFILING        
Total runtime:                 13.146 s (100.0%)
Computation time:               9.806 s ( 74.6%)
MPI Communication:              1.796 s ( 13.7%)
I/O (file write):               1.351 s ( 10.3%)
Initialitation time:            0.088 s (  0.7%)
Overhead:                       0.104 s (  0.8%)
Configurations:               100000
Time per config:                0.000 s
Bulk (rowing) time: 8.776992 s (0.000088 s/conf) | Boundary time: 1.029404 s (0.000010 s/conf)

=== T=2.65  BETA=0.3773584906  (hot) ===
[wn-01-01-08.cluster.roma3:1268749] mca_base_component_repository_open: unable to open mca_btl_openib: libosmcomp.so.4: cannot open shared object file: No such file or directory (ignored)
[wn-01-01-08.cluster.roma3:1268751] mca_base_component_repository_open: unable to open mca_btl_openib: libosmcomp.so.4: cannot open shared object file: No such file or directory (ignored)
[wn-01-01-08.cluster.roma3:1268752] mca_base_component_repository_open: unable to open mca_btl_openib: libosmcomp.so.4: cannot open shared object file: No such file or directory (ignored)
[wn-01-01-08.cluster.roma3:1268750] mca_base_component_repository_open: unable to open mca_btl_openib: libosmcomp.so.4: cannot open shared object file: No such file or directory (ignored)
[wn-01-01-08.cluster.roma3:1268749] mca_base_component_repository_open: unable to open mca_mtl_psm: libpsm_infinipath.so.1: cannot open shared object file: No such file or directory (ignored)
[wn-01-01-08.cluster.roma3:1268752] mca_base_component_repository_open: unable to open mca_mtl_psm: libpsm_infinipath.so.1: cannot open shared object file: No such file or directory (ignored)
[wn-01-01-08.cluster.roma3:1268750] mca_base_component_repository_open: unable to open mca_mtl_psm: libpsm_infinipath.so.1: cannot open shared object file: No such file or directory (ignored)
[wn-01-01-08.cluster.roma3:1268751] mca_base_component_repository_open: unable to open mca_mtl_psm: libpsm_infinipath.so.1: cannot open shared object file: No such file or directory (ignored)
world_size  4 rank 0
N_dim: 2, Npunti: 65536, NThreads: 8, nConfs: 100000, Beta: 0.377358
Memory usage of the rng: 4 Bytes
Output file: output/256x256/meas_T2.65_hot.txt

          PERFORMANCE PROFILING        
Total runtime:                 13.163 s (100.0%)
Computation time:               9.795 s ( 74.4%)
MPI Communication:              1.851 s ( 14.1%)
I/O (file write):               1.339 s ( 10.2%)
Initialitation time:            0.079 s (  0.6%)
Overhead:                       0.098 s (  0.7%)
Configurations:               100000
Time per config:                0.000 s
Bulk (rowing) time: 8.726892 s (0.000087 s/conf) | Boundary time: 1.068291 s (0.000011 s/conf)

=== T=2.65  BETA=0.3773584906  (cold) ===
[wn-01-01-08.cluster.roma3:1268808] mca_base_component_repository_open: unable to open mca_btl_openib: libosmcomp.so.4: cannot open shared object file: No such file or directory (ignored)
[wn-01-01-08.cluster.roma3:1268809] mca_base_component_repository_open: unable to open mca_btl_openib: libosmcomp.so.4: cannot open shared object file: No such file or directory (ignored)
[wn-01-01-08.cluster.roma3:1268810] mca_base_component_repository_open: unable to open mca_btl_openib: libosmcomp.so.4: cannot open shared object file: No such file or directory (ignored)
[wn-01-01-08.cluster.roma3:1268811] mca_base_component_repository_open: unable to open mca_btl_openib: libosmcomp.so.4: cannot open shared object file: No such file or directory (ignored)
[wn-01-01-08.cluster.roma3:1268810] mca_base_component_repository_open: unable to open mca_mtl_psm: libpsm_infinipath.so.1: cannot open shared object file: No such file or directory (ignored)
[wn-01-01-08.cluster.roma3:1268808] mca_base_component_repository_open: unable to open mca_mtl_psm: libpsm_infinipath.so.1: cannot open shared object file: No such file or directory (ignored)
[wn-01-01-08.cluster.roma3:1268811] mca_base_component_repository_open: unable to open mca_mtl_psm: libpsm_infinipath.so.1: cannot open shared object file: No such file or directory (ignored)
[wn-01-01-08.cluster.roma3:1268809] mca_base_component_repository_open: unable to open mca_mtl_psm: libpsm_infinipath.so.1: cannot open shared object file: No such file or directory (ignored)
world_size  4 rank 0
N_dim: 2, Npunti: 65536, NThreads: 8, nConfs: 100000, Beta: 0.377358
Memory usage of the rng: 4 Bytes
Output file: output/256x256/meas_T2.65_cold.txt

          PERFORMANCE PROFILING        
Total runtime:                 13.017 s (100.0%)
Computation time:               9.747 s ( 74.9%)
MPI Communication:              1.781 s ( 13.7%)
I/O (file write):               1.316 s ( 10.1%)
Initialitation time:            0.073 s (  0.6%)
Overhead:                       0.100 s (  0.8%)
Configurations:               100000
Time per config:                0.000 s
Bulk (rowing) time: 8.716623 s (0.000087 s/conf) | Boundary time: 1.030812 s (0.000010 s/conf)

=== T=2.7  BETA=0.3703703704  (hot) ===
[wn-01-01-08.cluster.roma3:1268856] mca_base_component_repository_open: unable to open mca_btl_openib: libosmcomp.so.4: cannot open shared object file: No such file or directory (ignored)
[wn-01-01-08.cluster.roma3:1268858] mca_base_component_repository_open: unable to open mca_btl_openib: libosmcomp.so.4: cannot open shared object file: No such file or directory (ignored)
[wn-01-01-08.cluster.roma3:1268859] mca_base_component_repository_open: unable to open mca_btl_openib: libosmcomp.so.4: cannot open shared object file: No such file or directory (ignored)
[wn-01-01-08.cluster.roma3:1268857] mca_base_component_repository_open: unable to open mca_btl_openib: libosmcomp.so.4: cannot open shared object file: No such file or directory (ignored)
[wn-01-01-08.cluster.roma3:1268858] mca_base_component_repository_open: unable to open mca_mtl_psm: libpsm_infinipath.so.1: cannot open shared object file: No such file or directory (ignored)
[wn-01-01-08.cluster.roma3:1268856] mca_base_component_repository_open: unable to open mca_mtl_psm: libpsm_infinipath.so.1: cannot open shared object file: No such file or directory (ignored)
[wn-01-01-08.cluster.roma3:1268857] mca_base_component_repository_open: unable to open mca_mtl_psm: libpsm_infinipath.so.1: cannot open shared object file: No such file or directory (ignored)
[wn-01-01-08.cluster.roma3:1268859] mca_base_component_repository_open: unable to open mca_mtl_psm: libpsm_infinipath.so.1: cannot open shared object file: No such file or directory (ignored)
world_size  4 rank 0
N_dim: 2, Npunti: 65536, NThreads: 8, nConfs: 100000, Beta: 0.37037
Memory usage of the rng: 4 Bytes
Output file: output/256x256/meas_T2.7_hot.txt

          PERFORMANCE PROFILING        
Total runtime:                 13.614 s (100.0%)
Computation time:               9.817 s ( 72.1%)
MPI Communication:              2.305 s ( 16.9%)
I/O (file write):               1.300 s (  9.5%)
Initialitation time:            0.076 s (  0.6%)
Overhead:                       0.116 s (  0.9%)
Configurations:               100000
Time per config:                0.000 s
Bulk (rowing) time: 8.694286 s (0.000087 s/conf) | Boundary time: 1.122668 s (0.000011 s/conf)

=== T=2.7  BETA=0.3703703704  (cold) ===
[wn-01-01-08.cluster.roma3:1268920] mca_base_component_repository_open: unable to open mca_btl_openib: libosmcomp.so.4: cannot open shared object file: No such file or directory (ignored)
[wn-01-01-08.cluster.roma3:1268922] mca_base_component_repository_open: unable to open mca_btl_openib: libosmcomp.so.4: cannot open shared object file: No such file or directory (ignored)
[wn-01-01-08.cluster.roma3:1268923] mca_base_component_repository_open: unable to open mca_btl_openib: libosmcomp.so.4: cannot open shared object file: No such file or directory (ignored)
[wn-01-01-08.cluster.roma3:1268921] mca_base_component_repository_open: unable to open mca_btl_openib: libosmcomp.so.4: cannot open shared object file: No such file or directory (ignored)
[wn-01-01-08.cluster.roma3:1268922] mca_base_component_repository_open: unable to open mca_mtl_psm: libpsm_infinipath.so.1: cannot open shared object file: No such file or directory (ignored)
[wn-01-01-08.cluster.roma3:1268920] mca_base_component_repository_open: unable to open mca_mtl_psm: libpsm_infinipath.so.1: cannot open shared object file: No such file or directory (ignored)
[wn-01-01-08.cluster.roma3:1268921] mca_base_component_repository_open: unable to open mca_mtl_psm: libpsm_infinipath.so.1: cannot open shared object file: No such file or directory (ignored)
[wn-01-01-08.cluster.roma3:1268923] mca_base_component_repository_open: unable to open mca_mtl_psm: libpsm_infinipath.so.1: cannot open shared object file: No such file or directory (ignored)
world_size  4 rank 0
N_dim: 2, Npunti: 65536, NThreads: 8, nConfs: 100000, Beta: 0.37037
Memory usage of the rng: 4 Bytes
Output file: output/256x256/meas_T2.7_cold.txt

          PERFORMANCE PROFILING        
Total runtime:                 13.265 s (100.0%)
Computation time:               9.666 s ( 72.9%)
MPI Communication:              2.094 s ( 15.8%)
I/O (file write):               1.328 s ( 10.0%)
Initialitation time:            0.074 s (  0.6%)
Overhead:                       0.104 s (  0.8%)
Configurations:               100000
Time per config:                0.000 s
Bulk (rowing) time: 8.643773 s (0.000086 s/conf) | Boundary time: 1.021750 s (0.000010 s/conf)

=== T=2.75  BETA=0.3636363636  (hot) ===
[wn-01-01-08.cluster.roma3:1268968] mca_base_component_repository_open: unable to open mca_btl_openib: libosmcomp.so.4: cannot open shared object file: No such file or directory (ignored)
[wn-01-01-08.cluster.roma3:1268970] mca_base_component_repository_open: unable to open mca_btl_openib: libosmcomp.so.4: cannot open shared object file: No such file or directory (ignored)
[wn-01-01-08.cluster.roma3:1268971] mca_base_component_repository_open: unable to open mca_btl_openib: libosmcomp.so.4: cannot open shared object file: No such file or directory (ignored)
[wn-01-01-08.cluster.roma3:1268969] mca_base_component_repository_open: unable to open mca_btl_openib: libosmcomp.so.4: cannot open shared object file: No such file or directory (ignored)
[wn-01-01-08.cluster.roma3:1268968] mca_base_component_repository_open: unable to open mca_mtl_psm: libpsm_infinipath.so.1: cannot open shared object file: No such file or directory (ignored)
[wn-01-01-08.cluster.roma3:1268970] mca_base_component_repository_open: unable to open mca_mtl_psm: libpsm_infinipath.so.1: cannot open shared object file: No such file or directory (ignored)
[wn-01-01-08.cluster.roma3:1268971] mca_base_component_repository_open: unable to open mca_mtl_psm: libpsm_infinipath.so.1: cannot open shared object file: No such file or directory (ignored)
[wn-01-01-08.cluster.roma3:1268969] mca_base_component_repository_open: unable to open mca_mtl_psm: libpsm_infinipath.so.1: cannot open shared object file: No such file or directory (ignored)
world_size  4 rank 0
N_dim: 2, Npunti: 65536, NThreads: 8, nConfs: 100000, Beta: 0.363636
Memory usage of the rng: 4 Bytes
Output file: output/256x256/meas_T2.75_hot.txt

          PERFORMANCE PROFILING        
Total runtime:                 13.233 s (100.0%)
Computation time:               9.854 s ( 74.5%)
MPI Communication:              1.846 s ( 13.9%)
I/O (file write):               1.362 s ( 10.3%)
Initialitation time:            0.072 s (  0.5%)
Overhead:                       0.099 s (  0.8%)
Configurations:               100000
Time per config:                0.000 s
Bulk (rowing) time: 8.798086 s (0.000088 s/conf) | Boundary time: 1.055636 s (0.000011 s/conf)

=== T=2.75  BETA=0.3636363636  (cold) ===
[wn-01-01-08.cluster.roma3:1269025] mca_base_component_repository_open: unable to open mca_btl_openib: libosmcomp.so.4: cannot open shared object file: No such file or directory (ignored)
[wn-01-01-08.cluster.roma3:1269026] mca_base_component_repository_open: unable to open mca_btl_openib: libosmcomp.so.4: cannot open shared object file: No such file or directory (ignored)
[wn-01-01-08.cluster.roma3:1269023] mca_base_component_repository_open: unable to open mca_btl_openib: libosmcomp.so.4: cannot open shared object file: No such file or directory (ignored)
[wn-01-01-08.cluster.roma3:1269024] mca_base_component_repository_open: unable to open mca_btl_openib: libosmcomp.so.4: cannot open shared object file: No such file or directory (ignored)
[wn-01-01-08.cluster.roma3:1269025] mca_base_component_repository_open: unable to open mca_mtl_psm: libpsm_infinipath.so.1: cannot open shared object file: No such file or directory (ignored)
[wn-01-01-08.cluster.roma3:1269026] mca_base_component_repository_open: unable to open mca_mtl_psm: libpsm_infinipath.so.1: cannot open shared object file: No such file or directory (ignored)
[wn-01-01-08.cluster.roma3:1269024] mca_base_component_repository_open: unable to open mca_mtl_psm: libpsm_infinipath.so.1: cannot open shared object file: No such file or directory (ignored)
[wn-01-01-08.cluster.roma3:1269023] mca_base_component_repository_open: unable to open mca_mtl_psm: libpsm_infinipath.so.1: cannot open shared object file: No such file or directory (ignored)
world_size  4 rank 0
N_dim: 2, Npunti: 65536, NThreads: 8, nConfs: 100000, Beta: 0.363636
Memory usage of the rng: 4 Bytes
Output file: output/256x256/meas_T2.75_cold.txt

          PERFORMANCE PROFILING        
Total runtime:                 13.414 s (100.0%)
Computation time:               9.996 s ( 74.5%)
MPI Communication:              1.896 s ( 14.1%)
I/O (file write):               1.344 s ( 10.0%)
Initialitation time:            0.075 s (  0.6%)
Overhead:                       0.103 s (  0.8%)
Configurations:               100000
Time per config:                0.000 s
Bulk (rowing) time: 8.922685 s (0.000089 s/conf) | Boundary time: 1.073734 s (0.000011 s/conf)

=== T=2.8  BETA=0.3571428571  (hot) ===
[wn-01-01-08.cluster.roma3:1269071] mca_base_component_repository_open: unable to open mca_btl_openib: libosmcomp.so.4: cannot open shared object file: No such file or directory (ignored)
[wn-01-01-08.cluster.roma3:1269072] mca_base_component_repository_open: unable to open mca_btl_openib: libosmcomp.so.4: cannot open shared object file: No such file or directory (ignored)
[wn-01-01-08.cluster.roma3:1269073] mca_base_component_repository_open: unable to open mca_btl_openib: libosmcomp.so.4: cannot open shared object file: No such file or directory (ignored)
[wn-01-01-08.cluster.roma3:1269074] mca_base_component_repository_open: unable to open mca_btl_openib: libosmcomp.so.4: cannot open shared object file: No such file or directory (ignored)
[wn-01-01-08.cluster.roma3:1269071] mca_base_component_repository_open: unable to open mca_mtl_psm: libpsm_infinipath.so.1: cannot open shared object file: No such file or directory (ignored)
[wn-01-01-08.cluster.roma3:1269073] mca_base_component_repository_open: unable to open mca_mtl_psm: libpsm_infinipath.so.1: cannot open shared object file: No such file or directory (ignored)
[wn-01-01-08.cluster.roma3:1269074] mca_base_component_repository_open: unable to open mca_mtl_psm: libpsm_infinipath.so.1: cannot open shared object file: No such file or directory (ignored)
[wn-01-01-08.cluster.roma3:1269072] mca_base_component_repository_open: unable to open mca_mtl_psm: libpsm_infinipath.so.1: cannot open shared object file: No such file or directory (ignored)
world_size  4 rank 0
N_dim: 2, Npunti: 65536, NThreads: 8, nConfs: 100000, Beta: 0.357143
Memory usage of the rng: 4 Bytes
Output file: output/256x256/meas_T2.8_hot.txt

          PERFORMANCE PROFILING        
Total runtime:                 13.080 s (100.0%)
Computation time:               9.668 s ( 73.9%)
MPI Communication:              1.870 s ( 14.3%)
I/O (file write):               1.363 s ( 10.4%)
Initialitation time:            0.077 s (  0.6%)
Overhead:                       0.102 s (  0.8%)
Configurations:               100000
Time per config:                0.000 s
Bulk (rowing) time: 8.617889 s (0.000086 s/conf) | Boundary time: 1.049954 s (0.000010 s/conf)

=== T=2.8  BETA=0.3571428571  (cold) ===
[wn-01-01-08.cluster.roma3:1269131] mca_base_component_repository_open: unable to open mca_btl_openib: libosmcomp.so.4: cannot open shared object file: No such file or directory (ignored)
[wn-01-01-08.cluster.roma3:1269133] mca_base_component_repository_open: unable to open mca_btl_openib: libosmcomp.so.4: cannot open shared object file: No such file or directory (ignored)
[wn-01-01-08.cluster.roma3:1269134] mca_base_component_repository_open: unable to open mca_btl_openib: libosmcomp.so.4: cannot open shared object file: No such file or directory (ignored)
[wn-01-01-08.cluster.roma3:1269132] mca_base_component_repository_open: unable to open mca_btl_openib: libosmcomp.so.4: cannot open shared object file: No such file or directory (ignored)
[wn-01-01-08.cluster.roma3:1269133] mca_base_component_repository_open: unable to open mca_mtl_psm: libpsm_infinipath.so.1: cannot open shared object file: No such file or directory (ignored)
[wn-01-01-08.cluster.roma3:1269131] mca_base_component_repository_open: unable to open mca_mtl_psm: libpsm_infinipath.so.1: cannot open shared object file: No such file or directory (ignored)
[wn-01-01-08.cluster.roma3:1269132] mca_base_component_repository_open: unable to open mca_mtl_psm: libpsm_infinipath.so.1: cannot open shared object file: No such file or directory (ignored)
[wn-01-01-08.cluster.roma3:1269134] mca_base_component_repository_open: unable to open mca_mtl_psm: libpsm_infinipath.so.1: cannot open shared object file: No such file or directory (ignored)
world_size  4 rank 0
N_dim: 2, Npunti: 65536, NThreads: 8, nConfs: 100000, Beta: 0.357143
Memory usage of the rng: 4 Bytes
Output file: output/256x256/meas_T2.8_cold.txt

          PERFORMANCE PROFILING        
Total runtime:                 13.289 s (100.0%)
Computation time:               9.890 s ( 74.4%)
MPI Communication:              1.869 s ( 14.1%)
I/O (file write):               1.348 s ( 10.1%)
Initialitation time:            0.076 s (  0.6%)
Overhead:                       0.106 s (  0.8%)
Configurations:               100000
Time per config:                0.000 s
Bulk (rowing) time: 8.801406 s (0.000088 s/conf) | Boundary time: 1.088837 s (0.000011 s/conf)

=== T=2.85  BETA=0.3508771930  (hot) ===
[wn-01-01-08.cluster.roma3:1269183] mca_base_component_repository_open: unable to open mca_btl_openib: libosmcomp.so.4: cannot open shared object file: No such file or directory (ignored)
[wn-01-01-08.cluster.roma3:1269184] mca_base_component_repository_open: unable to open mca_btl_openib: libosmcomp.so.4: cannot open shared object file: No such file or directory (ignored)
[wn-01-01-08.cluster.roma3:1269185] mca_base_component_repository_open: unable to open mca_btl_openib: libosmcomp.so.4: cannot open shared object file: No such file or directory (ignored)
[wn-01-01-08.cluster.roma3:1269186] mca_base_component_repository_open: unable to open mca_btl_openib: libosmcomp.so.4: cannot open shared object file: No such file or directory (ignored)
[wn-01-01-08.cluster.roma3:1269184] mca_base_component_repository_open: unable to open mca_mtl_psm: libpsm_infinipath.so.1: cannot open shared object file: No such file or directory (ignored)
[wn-01-01-08.cluster.roma3:1269185] mca_base_component_repository_open: unable to open mca_mtl_psm: libpsm_infinipath.so.1: cannot open shared object file: No such file or directory (ignored)
[wn-01-01-08.cluster.roma3:1269183] mca_base_component_repository_open: unable to open mca_mtl_psm: libpsm_infinipath.so.1: cannot open shared object file: No such file or directory (ignored)
[wn-01-01-08.cluster.roma3:1269186] mca_base_component_repository_open: unable to open mca_mtl_psm: libpsm_infinipath.so.1: cannot open shared object file: No such file or directory (ignored)
world_size  4 rank 0
N_dim: 2, Npunti: 65536, NThreads: 8, nConfs: 100000, Beta: 0.350877
Memory usage of the rng: 4 Bytes
Output file: output/256x256/meas_T2.85_hot.txt

          PERFORMANCE PROFILING        
Total runtime:                 12.988 s (100.0%)
Computation time:               9.708 s ( 74.7%)
MPI Communication:              1.793 s ( 13.8%)
I/O (file write):               1.312 s ( 10.1%)
Initialitation time:            0.074 s (  0.6%)
Overhead:                       0.101 s (  0.8%)
Configurations:               100000
Time per config:                0.000 s
Bulk (rowing) time: 8.645096 s (0.000086 s/conf) | Boundary time: 1.062533 s (0.000011 s/conf)

=== T=2.85  BETA=0.3508771930  (cold) ===
[wn-01-01-08.cluster.roma3:1269230] mca_base_component_repository_open: unable to open mca_btl_openib: libosmcomp.so.4: cannot open shared object file: No such file or directory (ignored)
[wn-01-01-08.cluster.roma3:1269231] mca_base_component_repository_open: unable to open mca_btl_openib: libosmcomp.so.4: cannot open shared object file: No such file or directory (ignored)
[wn-01-01-08.cluster.roma3:1269232] mca_base_component_repository_open: unable to open mca_btl_openib: libosmcomp.so.4: cannot open shared object file: No such file or directory (ignored)
[wn-01-01-08.cluster.roma3:1269233] mca_base_component_repository_open: unable to open mca_btl_openib: libosmcomp.so.4: cannot open shared object file: No such file or directory (ignored)
[wn-01-01-08.cluster.roma3:1269232] mca_base_component_repository_open: unable to open mca_mtl_psm: libpsm_infinipath.so.1: cannot open shared object file: No such file or directory (ignored)
[wn-01-01-08.cluster.roma3:1269231] mca_base_component_repository_open: unable to open mca_mtl_psm: libpsm_infinipath.so.1: cannot open shared object file: No such file or directory (ignored)
[wn-01-01-08.cluster.roma3:1269233] mca_base_component_repository_open: unable to open mca_mtl_psm: libpsm_infinipath.so.1: cannot open shared object file: No such file or directory (ignored)
[wn-01-01-08.cluster.roma3:1269230] mca_base_component_repository_open: unable to open mca_mtl_psm: libpsm_infinipath.so.1: cannot open shared object file: No such file or directory (ignored)
world_size  4 rank 0
N_dim: 2, Npunti: 65536, NThreads: 8, nConfs: 100000, Beta: 0.350877
Memory usage of the rng: 4 Bytes
Output file: output/256x256/meas_T2.85_cold.txt

          PERFORMANCE PROFILING        
Total runtime:                 13.143 s (100.0%)
Computation time:               9.776 s ( 74.4%)
MPI Communication:              1.854 s ( 14.1%)
I/O (file write):               1.325 s ( 10.1%)
Initialitation time:            0.077 s (  0.6%)
Overhead:                       0.111 s (  0.8%)
Configurations:               100000
Time per config:                0.000 s
Bulk (rowing) time: 8.762035 s (0.000088 s/conf) | Boundary time: 1.014212 s (0.000010 s/conf)

Finite size scaling completato
Fine: Fri Feb 20 12:48:48 PM CET 2026
