[wn-01-01-04.cluster.roma3:3980044] mca_base_component_repository_open: unable to open mca_btl_openib: libosmcomp.so.4: cannot open shared object file: No such file or directory (ignored)
[wn-01-01-04.cluster.roma3:3980046] mca_base_component_repository_open: unable to open mca_btl_openib: libosmcomp.so.4: cannot open shared object file: No such file or directory (ignored)
[wn-01-01-04.cluster.roma3:3980047] mca_base_component_repository_open: unable to open mca_btl_openib: libosmcomp.so.4: cannot open shared object file: No such file or directory (ignored)
[wn-01-01-04.cluster.roma3:3980045] mca_base_component_repository_open: unable to open mca_btl_openib: libosmcomp.so.4: cannot open shared object file: No such file or directory (ignored)
[wn-01-01-04.cluster.roma3:3980046] mca_base_component_repository_open: unable to open mca_mtl_psm: libpsm_infinipath.so.1: cannot open shared object file: No such file or directory (ignored)
[wn-01-01-04.cluster.roma3:3980044] mca_base_component_repository_open: unable to open mca_mtl_psm: libpsm_infinipath.so.1: cannot open shared object file: No such file or directory (ignored)
[wn-01-01-04.cluster.roma3:3980045] mca_base_component_repository_open: unable to open mca_mtl_psm: libpsm_infinipath.so.1: cannot open shared object file: No such file or directory (ignored)
[wn-01-01-04.cluster.roma3:3980047] mca_base_component_repository_open: unable to open mca_mtl_psm: libpsm_infinipath.so.1: cannot open shared object file: No such file or directory (ignored)
world_size  4 rank 0
N_dim: 2, Npunti: 256, NThreads: 8, nConfs: 100000, Beta: 0.232558
Memory usage of the rng: 4 Bytes
Output file: output/meas_16x16_T4.3.txt

          PERFORMANCE PROFILING        
Total runtime:                  3.531 s (100.0%)
Computation time:               1.748 s ( 49.5%)
MPI Communication:              0.900 s ( 25.5%)
I/O (file write):               0.733 s ( 20.8%)
Initialitation time:            0.061 s (  1.7%)
Overhead:                       0.088 s (  2.5%)
Configurations:               100000
Time per config:                0.000 s
Bulk (rowing) time: 0.852848 s (0.000009 s/conf) | Boundary time: 0.894874 s (0.000009 s/conf)
