[wn-01-01-02.cluster.roma3:2261015] mca_base_component_repository_open: unable to open mca_btl_openib: libosmcomp.so.4: cannot open shared object file: No such file or directory (ignored)
[wn-01-01-02.cluster.roma3:2261014] mca_base_component_repository_open: unable to open mca_btl_openib: libosmcomp.so.4: cannot open shared object file: No such file or directory (ignored)
[wn-01-01-02.cluster.roma3:2261012] mca_base_component_repository_open: unable to open mca_btl_openib: libosmcomp.so.4: cannot open shared object file: No such file or directory (ignored)
[wn-01-01-02.cluster.roma3:2261015] mca_base_component_repository_open: unable to open mca_mtl_psm: libpsm_infinipath.so.1: cannot open shared object file: No such file or directory (ignored)
[wn-01-01-02.cluster.roma3:2261012] mca_base_component_repository_open: unable to open mca_mtl_psm: libpsm_infinipath.so.1: cannot open shared object file: No such file or directory (ignored)
[wn-01-01-02.cluster.roma3:2261013] mca_base_component_repository_open: unable to open mca_btl_openib: libosmcomp.so.4: cannot open shared object file: No such file or directory (ignored)
[wn-01-01-02.cluster.roma3:2261014] mca_base_component_repository_open: unable to open mca_mtl_psm: libpsm_infinipath.so.1: cannot open shared object file: No such file or directory (ignored)
[wn-01-01-02.cluster.roma3:2261013] mca_base_component_repository_open: unable to open mca_mtl_psm: libpsm_infinipath.so.1: cannot open shared object file: No such file or directory (ignored)
world_size  4 rank 0
N_dim: 2, Npunti: 4096, NThreads: 8, nConfs: 100000, Beta: 0.45045
Memory usage of the rng: 4 Bytes
Output file: output/meas_64x64_T2.22.txt

          PERFORMANCE PROFILING        
Total runtime:                398.231 s (100.0%)
Computation time:             190.755 s ( 47.9%)
MPI Communication:            206.117 s ( 51.8%)
I/O (file write):               1.084 s (  0.3%)
Initialitation time:            0.182 s (  0.0%)
Overhead:                       0.092 s (  0.0%)
Configurations:               100000
Time per config:                0.004 s
Bulk (rowing) time: 171.141692 s (0.001711 s/conf) | Boundary time: 19.613483 s (0.000196 s/conf)
