[wn-01-01-04.cluster.roma3:3980094] mca_base_component_repository_open: unable to open mca_btl_openib: libosmcomp.so.4: cannot open shared object file: No such file or directory (ignored)
[wn-01-01-04.cluster.roma3:3980093] mca_base_component_repository_open: unable to open mca_btl_openib: libosmcomp.so.4: cannot open shared object file: No such file or directory (ignored)
[wn-01-01-04.cluster.roma3:3980095] mca_base_component_repository_open: unable to open mca_btl_openib: libosmcomp.so.4: cannot open shared object file: No such file or directory (ignored)
[wn-01-01-04.cluster.roma3:3980092] mca_base_component_repository_open: unable to open mca_btl_openib: libosmcomp.so.4: cannot open shared object file: No such file or directory (ignored)
[wn-01-01-04.cluster.roma3:3980092] mca_base_component_repository_open: unable to open mca_mtl_psm: libpsm_infinipath.so.1: cannot open shared object file: No such file or directory (ignored)
[wn-01-01-04.cluster.roma3:3980094] mca_base_component_repository_open: unable to open mca_mtl_psm: libpsm_infinipath.so.1: cannot open shared object file: No such file or directory (ignored)
[wn-01-01-04.cluster.roma3:3980095] mca_base_component_repository_open: unable to open mca_mtl_psm: libpsm_infinipath.so.1: cannot open shared object file: No such file or directory (ignored)
[wn-01-01-04.cluster.roma3:3980093] mca_base_component_repository_open: unable to open mca_mtl_psm: libpsm_infinipath.so.1: cannot open shared object file: No such file or directory (ignored)
world_size  4 rank 0
N_dim: 2, Npunti: 256, NThreads: 8, nConfs: 100000, Beta: 0.229885
Memory usage of the rng: 4 Bytes
Output file: output/meas_16x16_T4.35.txt

          PERFORMANCE PROFILING        
Total runtime:                  3.692 s (100.0%)
Computation time:               1.936 s ( 52.4%)
MPI Communication:              0.877 s ( 23.8%)
I/O (file write):               0.718 s ( 19.5%)
Initialitation time:            0.070 s (  1.9%)
Overhead:                       0.090 s (  2.5%)
Configurations:               100000
Time per config:                0.000 s
Bulk (rowing) time: 0.954264 s (0.000010 s/conf) | Boundary time: 0.981846 s (0.000010 s/conf)
