[wn-01-01-04.cluster.roma3:3978102] mca_base_component_repository_open: unable to open mca_btl_openib: libosmcomp.so.4: cannot open shared object file: No such file or directory (ignored)
[wn-01-01-04.cluster.roma3:3978100] mca_base_component_repository_open: unable to open mca_btl_openib: libosmcomp.so.4: cannot open shared object file: No such file or directory (ignored)
[wn-01-01-04.cluster.roma3:3978101] mca_base_component_repository_open: unable to open mca_btl_openib: libosmcomp.so.4: cannot open shared object file: No such file or directory (ignored)
[wn-01-01-04.cluster.roma3:3978103] mca_base_component_repository_open: unable to open mca_btl_openib: libosmcomp.so.4: cannot open shared object file: No such file or directory (ignored)
[wn-01-01-04.cluster.roma3:3978102] mca_base_component_repository_open: unable to open mca_mtl_psm: libpsm_infinipath.so.1: cannot open shared object file: No such file or directory (ignored)
[wn-01-01-04.cluster.roma3:3978100] mca_base_component_repository_open: unable to open mca_mtl_psm: libpsm_infinipath.so.1: cannot open shared object file: No such file or directory (ignored)
[wn-01-01-04.cluster.roma3:3978103] mca_base_component_repository_open: unable to open mca_mtl_psm: libpsm_infinipath.so.1: cannot open shared object file: No such file or directory (ignored)
[wn-01-01-04.cluster.roma3:3978101] mca_base_component_repository_open: unable to open mca_mtl_psm: libpsm_infinipath.so.1: cannot open shared object file: No such file or directory (ignored)
world_size  4 rank 0
N_dim: 2, Npunti: 16384, NThreads: 8, nConfs: 100000, Beta: 0.45045
Memory usage of the rng: 4 Bytes
Output file: output/meas_128x128_T2.22.txt

          PERFORMANCE PROFILING        
Total runtime:                  5.482 s (100.0%)
Computation time:               3.365 s ( 61.4%)
MPI Communication:              1.129 s ( 20.6%)
I/O (file write):               0.834 s ( 15.2%)
Initialitation time:            0.062 s (  1.1%)
Overhead:                       0.092 s (  1.7%)
Configurations:               100000
Time per config:                0.000 s
Bulk (rowing) time: 2.372476 s (0.000024 s/conf) | Boundary time: 0.992905 s (0.000010 s/conf)
