[wn-01-01-04.cluster.roma3:3980230] mca_base_component_repository_open: unable to open mca_btl_openib: libosmcomp.so.4: cannot open shared object file: No such file or directory (ignored)
[wn-01-01-04.cluster.roma3:3980232] mca_base_component_repository_open: unable to open mca_btl_openib: libosmcomp.so.4: cannot open shared object file: No such file or directory (ignored)
[wn-01-01-04.cluster.roma3:3980233] mca_base_component_repository_open: unable to open mca_btl_openib: libosmcomp.so.4: cannot open shared object file: No such file or directory (ignored)
[wn-01-01-04.cluster.roma3:3980231] mca_base_component_repository_open: unable to open mca_btl_openib: libosmcomp.so.4: cannot open shared object file: No such file or directory (ignored)
[wn-01-01-04.cluster.roma3:3980233] mca_base_component_repository_open: unable to open mca_mtl_psm: libpsm_infinipath.so.1: cannot open shared object file: No such file or directory (ignored)
[wn-01-01-04.cluster.roma3:3980231] mca_base_component_repository_open: unable to open mca_mtl_psm: libpsm_infinipath.so.1: cannot open shared object file: No such file or directory (ignored)
[wn-01-01-04.cluster.roma3:3980232] mca_base_component_repository_open: unable to open mca_mtl_psm: libpsm_infinipath.so.1: cannot open shared object file: No such file or directory (ignored)
[wn-01-01-04.cluster.roma3:3980230] mca_base_component_repository_open: unable to open mca_mtl_psm: libpsm_infinipath.so.1: cannot open shared object file: No such file or directory (ignored)
world_size  4 rank 0
N_dim: 2, Npunti: 256, NThreads: 8, nConfs: 100000, Beta: 0.222222
Memory usage of the rng: 4 Bytes
Output file: output/meas_16x16_T4.5.txt

          PERFORMANCE PROFILING        
Total runtime:                  3.674 s (100.0%)
Computation time:               1.836 s ( 50.0%)
MPI Communication:              0.915 s ( 24.9%)
I/O (file write):               0.766 s ( 20.9%)
Initialitation time:            0.064 s (  1.8%)
Overhead:                       0.092 s (  2.5%)
Configurations:               100000
Time per config:                0.000 s
Bulk (rowing) time: 0.902458 s (0.000009 s/conf) | Boundary time: 0.933588 s (0.000009 s/conf)
