[wn-01-01-02.cluster.roma3:2264374] mca_base_component_repository_open: unable to open mca_btl_openib: libosmcomp.so.4: cannot open shared object file: No such file or directory (ignored)
[wn-01-01-02.cluster.roma3:2264376] mca_base_component_repository_open: unable to open mca_btl_openib: libosmcomp.so.4: cannot open shared object file: No such file or directory (ignored)
[wn-01-01-02.cluster.roma3:2264377] mca_base_component_repository_open: unable to open mca_btl_openib: libosmcomp.so.4: cannot open shared object file: No such file or directory (ignored)
[wn-01-01-02.cluster.roma3:2264375] mca_base_component_repository_open: unable to open mca_btl_openib: libosmcomp.so.4: cannot open shared object file: No such file or directory (ignored)
[wn-01-01-02.cluster.roma3:2264376] mca_base_component_repository_open: unable to open mca_mtl_psm: libpsm_infinipath.so.1: cannot open shared object file: No such file or directory (ignored)
[wn-01-01-02.cluster.roma3:2264374] mca_base_component_repository_open: unable to open mca_mtl_psm: libpsm_infinipath.so.1: cannot open shared object file: No such file or directory (ignored)
[wn-01-01-02.cluster.roma3:2264375] mca_base_component_repository_open: unable to open mca_mtl_psm: libpsm_infinipath.so.1: cannot open shared object file: No such file or directory (ignored)
[wn-01-01-02.cluster.roma3:2264377] mca_base_component_repository_open: unable to open mca_mtl_psm: libpsm_infinipath.so.1: cannot open shared object file: No such file or directory (ignored)
world_size  4 rank 0
N_dim: 2, Npunti: 4096, NThreads: 8, nConfs: 100000, Beta: 0.425532
Memory usage of the rng: 4 Bytes
Output file: output/meas_64x64_T2.35.txt

          PERFORMANCE PROFILING        
Total runtime:                398.567 s (100.0%)
Computation time:             189.134 s ( 47.5%)
MPI Communication:            208.179 s ( 52.2%)
I/O (file write):               1.071 s (  0.3%)
Initialitation time:            0.091 s (  0.0%)
Overhead:                       0.093 s (  0.0%)
Configurations:               100000
Time per config:                0.004 s
Bulk (rowing) time: 163.433383 s (0.001634 s/conf) | Boundary time: 25.700618 s (0.000257 s/conf)
