[wn-01-01-04.cluster.roma3:3980336] mca_base_component_repository_open: unable to open mca_btl_openib: libosmcomp.so.4: cannot open shared object file: No such file or directory (ignored)
[wn-01-01-04.cluster.roma3:3980338] mca_base_component_repository_open: unable to open mca_btl_openib: libosmcomp.so.4: cannot open shared object file: No such file or directory (ignored)
[wn-01-01-04.cluster.roma3:3980339] mca_base_component_repository_open: unable to open mca_btl_openib: libosmcomp.so.4: cannot open shared object file: No such file or directory (ignored)
[wn-01-01-04.cluster.roma3:3980337] mca_base_component_repository_open: unable to open mca_btl_openib: libosmcomp.so.4: cannot open shared object file: No such file or directory (ignored)
[wn-01-01-04.cluster.roma3:3980337] mca_base_component_repository_open: unable to open mca_mtl_psm: libpsm_infinipath.so.1: cannot open shared object file: No such file or directory (ignored)
[wn-01-01-04.cluster.roma3:3980339] mca_base_component_repository_open: unable to open mca_mtl_psm: libpsm_infinipath.so.1: cannot open shared object file: No such file or directory (ignored)
[wn-01-01-04.cluster.roma3:3980338] mca_base_component_repository_open: unable to open mca_mtl_psm: libpsm_infinipath.so.1: cannot open shared object file: No such file or directory (ignored)
[wn-01-01-04.cluster.roma3:3980336] mca_base_component_repository_open: unable to open mca_mtl_psm: libpsm_infinipath.so.1: cannot open shared object file: No such file or directory (ignored)
world_size  4 rank 0
N_dim: 2, Npunti: 256, NThreads: 8, nConfs: 100000, Beta: 0.217391
Memory usage of the rng: 4 Bytes
Output file: output/meas_16x16_T4.6.txt

          PERFORMANCE PROFILING        
Total runtime:                  3.664 s (100.0%)
Computation time:               1.784 s ( 48.7%)
MPI Communication:              0.918 s ( 25.1%)
I/O (file write):               0.809 s ( 22.1%)
Initialitation time:            0.062 s (  1.7%)
Overhead:                       0.091 s (  2.5%)
Configurations:               100000
Time per config:                0.000 s
Bulk (rowing) time: 0.883563 s (0.000009 s/conf) | Boundary time: 0.900329 s (0.000009 s/conf)
