[wn-01-01-02.cluster.roma3:2265892] mca_base_component_repository_open: unable to open mca_btl_openib: libosmcomp.so.4: cannot open shared object file: No such file or directory (ignored)
[wn-01-01-02.cluster.roma3:2265892] mca_base_component_repository_open: unable to open mca_mtl_psm: libpsm_infinipath.so.1: cannot open shared object file: No such file or directory (ignored)
[wn-01-01-02.cluster.roma3:2265894] mca_base_component_repository_open: unable to open mca_btl_openib: libosmcomp.so.4: cannot open shared object file: No such file or directory (ignored)
[wn-01-01-02.cluster.roma3:2265894] mca_base_component_repository_open: unable to open mca_mtl_psm: libpsm_infinipath.so.1: cannot open shared object file: No such file or directory (ignored)
[wn-01-01-02.cluster.roma3:2265893] mca_base_component_repository_open: unable to open mca_btl_openib: libosmcomp.so.4: cannot open shared object file: No such file or directory (ignored)
[wn-01-01-02.cluster.roma3:2265893] mca_base_component_repository_open: unable to open mca_mtl_psm: libpsm_infinipath.so.1: cannot open shared object file: No such file or directory (ignored)
[wn-01-01-02.cluster.roma3:2265895] mca_base_component_repository_open: unable to open mca_btl_openib: libosmcomp.so.4: cannot open shared object file: No such file or directory (ignored)
[wn-01-01-02.cluster.roma3:2265895] mca_base_component_repository_open: unable to open mca_mtl_psm: libpsm_infinipath.so.1: cannot open shared object file: No such file or directory (ignored)
world_size  4 rank 0
N_dim: 2, Npunti: 4096, NThreads: 8, nConfs: 100000, Beta: 0.416667
Memory usage of the rng: 4 Bytes
Output file: output/meas_64x64_T2.4.txt

          PERFORMANCE PROFILING        
Total runtime:                399.974 s (100.0%)
Computation time:             197.707 s ( 49.4%)
MPI Communication:            200.940 s ( 50.2%)
I/O (file write):               1.108 s (  0.3%)
Initialitation time:            0.132 s (  0.0%)
Overhead:                       0.087 s (  0.0%)
Configurations:               100000
Time per config:                0.004 s
Bulk (rowing) time: 160.926169 s (0.001609 s/conf) | Boundary time: 36.781239 s (0.000368 s/conf)
