[wn-01-01-04.cluster.roma3:3980428] mca_base_component_repository_open: unable to open mca_btl_openib: libosmcomp.so.4: cannot open shared object file: No such file or directory (ignored)
[wn-01-01-04.cluster.roma3:3980430] mca_base_component_repository_open: unable to open mca_btl_openib: libosmcomp.so.4: cannot open shared object file: No such file or directory (ignored)
[wn-01-01-04.cluster.roma3:3980431] mca_base_component_repository_open: unable to open mca_btl_openib: libosmcomp.so.4: cannot open shared object file: No such file or directory (ignored)
[wn-01-01-04.cluster.roma3:3980429] mca_base_component_repository_open: unable to open mca_btl_openib: libosmcomp.so.4: cannot open shared object file: No such file or directory (ignored)
[wn-01-01-04.cluster.roma3:3980428] mca_base_component_repository_open: unable to open mca_mtl_psm: libpsm_infinipath.so.1: cannot open shared object file: No such file or directory (ignored)
[wn-01-01-04.cluster.roma3:3980430] mca_base_component_repository_open: unable to open mca_mtl_psm: libpsm_infinipath.so.1: cannot open shared object file: No such file or directory (ignored)
[wn-01-01-04.cluster.roma3:3980431] mca_base_component_repository_open: unable to open mca_mtl_psm: libpsm_infinipath.so.1: cannot open shared object file: No such file or directory (ignored)
[wn-01-01-04.cluster.roma3:3980429] mca_base_component_repository_open: unable to open mca_mtl_psm: libpsm_infinipath.so.1: cannot open shared object file: No such file or directory (ignored)
world_size  4 rank 0
N_dim: 2, Npunti: 256, NThreads: 8, nConfs: 100000, Beta: 0.212766
Memory usage of the rng: 4 Bytes
Output file: output/meas_16x16_T4.7.txt

          PERFORMANCE PROFILING        
Total runtime:                  3.547 s (100.0%)
Computation time:               1.796 s ( 50.6%)
MPI Communication:              0.876 s ( 24.7%)
I/O (file write):               0.728 s ( 20.5%)
Initialitation time:            0.061 s (  1.7%)
Overhead:                       0.086 s (  2.4%)
Configurations:               100000
Time per config:                0.000 s
Bulk (rowing) time: 0.877490 s (0.000009 s/conf) | Boundary time: 0.918665 s (0.000009 s/conf)
