[wn-01-01-02.cluster.roma3:2264163] mca_base_component_repository_open: unable to open mca_btl_openib: libosmcomp.so.4: cannot open shared object file: No such file or directory (ignored)
[wn-01-01-02.cluster.roma3:2264163] mca_base_component_repository_open: unable to open mca_mtl_psm: libpsm_infinipath.so.1: cannot open shared object file: No such file or directory (ignored)
[wn-01-01-02.cluster.roma3:2264162] mca_base_component_repository_open: unable to open mca_btl_openib: libosmcomp.so.4: cannot open shared object file: No such file or directory (ignored)
[wn-01-01-02.cluster.roma3:2264164] mca_base_component_repository_open: unable to open mca_btl_openib: libosmcomp.so.4: cannot open shared object file: No such file or directory (ignored)
[wn-01-01-02.cluster.roma3:2264162] mca_base_component_repository_open: unable to open mca_mtl_psm: libpsm_infinipath.so.1: cannot open shared object file: No such file or directory (ignored)
[wn-01-01-02.cluster.roma3:2264165] mca_base_component_repository_open: unable to open mca_btl_openib: libosmcomp.so.4: cannot open shared object file: No such file or directory (ignored)
[wn-01-01-02.cluster.roma3:2264164] mca_base_component_repository_open: unable to open mca_mtl_psm: libpsm_infinipath.so.1: cannot open shared object file: No such file or directory (ignored)
[wn-01-01-02.cluster.roma3:2264165] mca_base_component_repository_open: unable to open mca_mtl_psm: libpsm_infinipath.so.1: cannot open shared object file: No such file or directory (ignored)
world_size  4 rank 0
N_dim: 2, Npunti: 4096, NThreads: 8, nConfs: 100000, Beta: 0.434783
Memory usage of the rng: 4 Bytes
Output file: output/meas_64x64_T2.3.txt

          PERFORMANCE PROFILING        
Total runtime:                104.048 s (100.0%)
Computation time:              16.275 s ( 15.6%)
MPI Communication:             86.766 s ( 83.4%)
I/O (file write):               0.703 s (  0.7%)
Initialitation time:            0.208 s (  0.2%)
Overhead:                       0.095 s (  0.1%)
Configurations:               100000
Time per config:                0.001 s
Bulk (rowing) time: 9.798445 s (0.000098 s/conf) | Boundary time: 6.476459 s (0.000065 s/conf)
