Finite-size scaling
Start: Fri Feb 20 12:36:02 PM CET 2026

=== T=4.25  BETA=0.2352941176  (hot) ===
[wn-01-01-05.cluster.roma3:3363980] mca_base_component_repository_open: unable to open mca_btl_openib: libosmcomp.so.4: cannot open shared object file: No such file or directory (ignored)
[wn-01-01-05.cluster.roma3:3363982] mca_base_component_repository_open: unable to open mca_btl_openib: libosmcomp.so.4: cannot open shared object file: No such file or directory (ignored)
[wn-01-01-05.cluster.roma3:3363983] mca_base_component_repository_open: unable to open mca_btl_openib: libosmcomp.so.4: cannot open shared object file: No such file or directory (ignored)
[wn-01-01-05.cluster.roma3:3363981] mca_base_component_repository_open: unable to open mca_btl_openib: libosmcomp.so.4: cannot open shared object file: No such file or directory (ignored)
[wn-01-01-05.cluster.roma3:3363982] mca_base_component_repository_open: unable to open mca_mtl_psm: libpsm_infinipath.so.1: cannot open shared object file: No such file or directory (ignored)
[wn-01-01-05.cluster.roma3:3363980] mca_base_component_repository_open: unable to open mca_mtl_psm: libpsm_infinipath.so.1: cannot open shared object file: No such file or directory (ignored)
[wn-01-01-05.cluster.roma3:3363981] mca_base_component_repository_open: unable to open mca_mtl_psm: libpsm_infinipath.so.1: cannot open shared object file: No such file or directory (ignored)
[wn-01-01-05.cluster.roma3:3363983] mca_base_component_repository_open: unable to open mca_mtl_psm: libpsm_infinipath.so.1: cannot open shared object file: No such file or directory (ignored)
world_size  4 rank 0
N_dim: 3, Npunti: 2097152, NThreads: 8, nConfs: 100000, Beta: 0.235294
Memory usage of the rng: 4 Bytes
Output file: output/128x128x128/meas_T4.25_hot.txt

          PERFORMANCE PROFILING        
Total runtime:                356.696 s (100.0%)
Computation time:             297.242 s ( 83.3%)
MPI Communication:             57.047 s ( 16.0%)
I/O (file write):               2.063 s (  0.6%)
Initialitation time:            0.201 s (  0.1%)
Overhead:                       0.142 s (  0.0%)
Configurations:               100000
Time per config:                0.004 s
Bulk (rowing) time: 274.634504 s (0.002746 s/conf) | Boundary time: 22.607973 s (0.000226 s/conf)

=== T=4.25  BETA=0.2352941176  (cold) ===
[wn-01-01-05.cluster.roma3:3364309] mca_base_component_repository_open: unable to open mca_btl_openib: libosmcomp.so.4: cannot open shared object file: No such file or directory (ignored)
[wn-01-01-05.cluster.roma3:3364313] mca_base_component_repository_open: unable to open mca_btl_openib: libosmcomp.so.4: cannot open shared object file: No such file or directory (ignored)
[wn-01-01-05.cluster.roma3:3364308] mca_base_component_repository_open: unable to open mca_btl_openib: libosmcomp.so.4: cannot open shared object file: No such file or directory (ignored)
[wn-01-01-05.cluster.roma3:3364311] mca_base_component_repository_open: unable to open mca_btl_openib: libosmcomp.so.4: cannot open shared object file: No such file or directory (ignored)
[wn-01-01-05.cluster.roma3:3364313] mca_base_component_repository_open: unable to open mca_mtl_psm: libpsm_infinipath.so.1: cannot open shared object file: No such file or directory (ignored)
[wn-01-01-05.cluster.roma3:3364309] mca_base_component_repository_open: unable to open mca_mtl_psm: libpsm_infinipath.so.1: cannot open shared object file: No such file or directory (ignored)
[wn-01-01-05.cluster.roma3:3364311] mca_base_component_repository_open: unable to open mca_mtl_psm: libpsm_infinipath.so.1: cannot open shared object file: No such file or directory (ignored)
[wn-01-01-05.cluster.roma3:3364308] mca_base_component_repository_open: unable to open mca_mtl_psm: libpsm_infinipath.so.1: cannot open shared object file: No such file or directory (ignored)
world_size  4 rank 0
N_dim: 3, Npunti: 2097152, NThreads: 8, nConfs: 100000, Beta: 0.235294
Memory usage of the rng: 4 Bytes
Output file: output/128x128x128/meas_T4.25_cold.txt

          PERFORMANCE PROFILING        
Total runtime:                365.930 s (100.0%)
Computation time:             301.511 s ( 82.4%)
MPI Communication:             62.040 s ( 17.0%)
I/O (file write):               2.060 s (  0.6%)
Initialitation time:            0.203 s (  0.1%)
Overhead:                       0.116 s (  0.0%)
Configurations:               100000
Time per config:                0.004 s
Bulk (rowing) time: 277.946124 s (0.002779 s/conf) | Boundary time: 23.564612 s (0.000236 s/conf)

=== T=4.3  BETA=0.2325581395  (hot) ===
[wn-01-01-05.cluster.roma3:3365715] mca_base_component_repository_open: unable to open mca_btl_openib: libosmcomp.so.4: cannot open shared object file: No such file or directory (ignored)
[wn-01-01-05.cluster.roma3:3365718] mca_base_component_repository_open: unable to open mca_btl_openib: libosmcomp.so.4: cannot open shared object file: No such file or directory (ignored)
[wn-01-01-05.cluster.roma3:3365716] mca_base_component_repository_open: unable to open mca_btl_openib: libosmcomp.so.4: cannot open shared object file: No such file or directory (ignored)
[wn-01-01-05.cluster.roma3:3365717] mca_base_component_repository_open: unable to open mca_btl_openib: libosmcomp.so.4: cannot open shared object file: No such file or directory (ignored)
[wn-01-01-05.cluster.roma3:3365716] mca_base_component_repository_open: unable to open mca_mtl_psm: libpsm_infinipath.so.1: cannot open shared object file: No such file or directory (ignored)
[wn-01-01-05.cluster.roma3:3365718] mca_base_component_repository_open: unable to open mca_mtl_psm: libpsm_infinipath.so.1: cannot open shared object file: No such file or directory (ignored)
[wn-01-01-05.cluster.roma3:3365715] mca_base_component_repository_open: unable to open mca_mtl_psm: libpsm_infinipath.so.1: cannot open shared object file: No such file or directory (ignored)
[wn-01-01-05.cluster.roma3:3365717] mca_base_component_repository_open: unable to open mca_mtl_psm: libpsm_infinipath.so.1: cannot open shared object file: No such file or directory (ignored)
world_size  4 rank 0
N_dim: 3, Npunti: 2097152, NThreads: 8, nConfs: 100000, Beta: 0.232558
Memory usage of the rng: 4 Bytes
Output file: output/128x128x128/meas_T4.3_hot.txt

          PERFORMANCE PROFILING        
Total runtime:                364.184 s (100.0%)
Computation time:             300.768 s ( 82.6%)
MPI Communication:             61.160 s ( 16.8%)
I/O (file write):               2.056 s (  0.6%)
Initialitation time:            0.089 s (  0.0%)
Overhead:                       0.112 s (  0.0%)
Configurations:               100000
Time per config:                0.004 s
Bulk (rowing) time: 277.309829 s (0.002773 s/conf) | Boundary time: 23.457888 s (0.000235 s/conf)

=== T=4.3  BETA=0.2325581395  (cold) ===
[wn-01-01-05.cluster.roma3:3367207] mca_base_component_repository_open: unable to open mca_btl_openib: libosmcomp.so.4: cannot open shared object file: No such file or directory (ignored)
[wn-01-01-05.cluster.roma3:3367209] mca_base_component_repository_open: unable to open mca_btl_openib: libosmcomp.so.4: cannot open shared object file: No such file or directory (ignored)
[wn-01-01-05.cluster.roma3:3367206] mca_base_component_repository_open: unable to open mca_btl_openib: libosmcomp.so.4: cannot open shared object file: No such file or directory (ignored)
[wn-01-01-05.cluster.roma3:3367208] mca_base_component_repository_open: unable to open mca_btl_openib: libosmcomp.so.4: cannot open shared object file: No such file or directory (ignored)
[wn-01-01-05.cluster.roma3:3367209] mca_base_component_repository_open: unable to open mca_mtl_psm: libpsm_infinipath.so.1: cannot open shared object file: No such file or directory (ignored)
[wn-01-01-05.cluster.roma3:3367206] mca_base_component_repository_open: unable to open mca_mtl_psm: libpsm_infinipath.so.1: cannot open shared object file: No such file or directory (ignored)
[wn-01-01-05.cluster.roma3:3367207] mca_base_component_repository_open: unable to open mca_mtl_psm: libpsm_infinipath.so.1: cannot open shared object file: No such file or directory (ignored)
[wn-01-01-05.cluster.roma3:3367208] mca_base_component_repository_open: unable to open mca_mtl_psm: libpsm_infinipath.so.1: cannot open shared object file: No such file or directory (ignored)
world_size  4 rank 0
N_dim: 3, Npunti: 2097152, NThreads: 8, nConfs: 100000, Beta: 0.232558
Memory usage of the rng: 4 Bytes
Output file: output/128x128x128/meas_T4.3_cold.txt

          PERFORMANCE PROFILING        
Total runtime:                372.946 s (100.0%)
Computation time:             305.074 s ( 81.8%)
MPI Communication:             65.606 s ( 17.6%)
I/O (file write):               2.073 s (  0.6%)
Initialitation time:            0.095 s (  0.0%)
Overhead:                       0.099 s (  0.0%)
Configurations:               100000
Time per config:                0.004 s
Bulk (rowing) time: 280.971508 s (0.002810 s/conf) | Boundary time: 24.102066 s (0.000241 s/conf)

=== T=4.35  BETA=0.2298850575  (hot) ===
[wn-01-01-05.cluster.roma3:3372498] mca_base_component_repository_open: unable to open mca_btl_openib: libosmcomp.so.4: cannot open shared object file: No such file or directory (ignored)
[wn-01-01-05.cluster.roma3:3372496] mca_base_component_repository_open: unable to open mca_btl_openib: libosmcomp.so.4: cannot open shared object file: No such file or directory (ignored)
[wn-01-01-05.cluster.roma3:3372497] mca_base_component_repository_open: unable to open mca_btl_openib: libosmcomp.so.4: cannot open shared object file: No such file or directory (ignored)
[wn-01-01-05.cluster.roma3:3372499] mca_base_component_repository_open: unable to open mca_btl_openib: libosmcomp.so.4: cannot open shared object file: No such file or directory (ignored)
[wn-01-01-05.cluster.roma3:3372498] mca_base_component_repository_open: unable to open mca_mtl_psm: libpsm_infinipath.so.1: cannot open shared object file: No such file or directory (ignored)
[wn-01-01-05.cluster.roma3:3372496] mca_base_component_repository_open: unable to open mca_mtl_psm: libpsm_infinipath.so.1: cannot open shared object file: No such file or directory (ignored)
[wn-01-01-05.cluster.roma3:3372499] mca_base_component_repository_open: unable to open mca_mtl_psm: libpsm_infinipath.so.1: cannot open shared object file: No such file or directory (ignored)
[wn-01-01-05.cluster.roma3:3372497] mca_base_component_repository_open: unable to open mca_mtl_psm: libpsm_infinipath.so.1: cannot open shared object file: No such file or directory (ignored)
world_size  4 rank 0
N_dim: 3, Npunti: 2097152, NThreads: 8, nConfs: 100000, Beta: 0.229885
Memory usage of the rng: 4 Bytes
Output file: output/128x128x128/meas_T4.35_hot.txt

          PERFORMANCE PROFILING        
Total runtime:                366.865 s (100.0%)
Computation time:             299.531 s ( 81.6%)
MPI Communication:             65.103 s ( 17.7%)
I/O (file write):               2.038 s (  0.6%)
Initialitation time:            0.094 s (  0.0%)
Overhead:                       0.098 s (  0.0%)
Configurations:               100000
Time per config:                0.004 s
Bulk (rowing) time: 275.853321 s (0.002759 s/conf) | Boundary time: 23.677985 s (0.000237 s/conf)

=== T=4.35  BETA=0.2298850575  (cold) ===
[wn-01-01-05.cluster.roma3:3377821] mca_base_component_repository_open: unable to open mca_btl_openib: libosmcomp.so.4: cannot open shared object file: No such file or directory (ignored)
[wn-01-01-05.cluster.roma3:3377820] mca_base_component_repository_open: unable to open mca_btl_openib: libosmcomp.so.4: cannot open shared object file: No such file or directory (ignored)
[wn-01-01-05.cluster.roma3:3377822] mca_base_component_repository_open: unable to open mca_btl_openib: libosmcomp.so.4: cannot open shared object file: No such file or directory (ignored)
[wn-01-01-05.cluster.roma3:3377819] mca_base_component_repository_open: unable to open mca_btl_openib: libosmcomp.so.4: cannot open shared object file: No such file or directory (ignored)
[wn-01-01-05.cluster.roma3:3377820] mca_base_component_repository_open: unable to open mca_mtl_psm: libpsm_infinipath.so.1: cannot open shared object file: No such file or directory (ignored)
[wn-01-01-05.cluster.roma3:3377819] mca_base_component_repository_open: unable to open mca_mtl_psm: libpsm_infinipath.so.1: cannot open shared object file: No such file or directory (ignored)
[wn-01-01-05.cluster.roma3:3377821] mca_base_component_repository_open: unable to open mca_mtl_psm: libpsm_infinipath.so.1: cannot open shared object file: No such file or directory (ignored)
[wn-01-01-05.cluster.roma3:3377822] mca_base_component_repository_open: unable to open mca_mtl_psm: libpsm_infinipath.so.1: cannot open shared object file: No such file or directory (ignored)
world_size  4 rank 0
N_dim: 3, Npunti: 2097152, NThreads: 8, nConfs: 100000, Beta: 0.229885
Memory usage of the rng: 4 Bytes
Output file: output/128x128x128/meas_T4.35_cold.txt

          PERFORMANCE PROFILING        
Total runtime:                351.870 s (100.0%)
Computation time:             293.610 s ( 83.4%)
MPI Communication:             56.019 s ( 15.9%)
I/O (file write):               2.056 s (  0.6%)
Initialitation time:            0.091 s (  0.0%)
Overhead:                       0.094 s (  0.0%)
Configurations:               100000
Time per config:                0.004 s
Bulk (rowing) time: 271.300002 s (0.002713 s/conf) | Boundary time: 22.310248 s (0.000223 s/conf)

=== T=4.4  BETA=0.2272727273  (hot) ===
[wn-01-01-05.cluster.roma3:3378054] mca_base_component_repository_open: unable to open mca_btl_openib: libosmcomp.so.4: cannot open shared object file: No such file or directory (ignored)
[wn-01-01-05.cluster.roma3:3378056] mca_base_component_repository_open: unable to open mca_btl_openib: libosmcomp.so.4: cannot open shared object file: No such file or directory (ignored)
[wn-01-01-05.cluster.roma3:3378053] mca_base_component_repository_open: unable to open mca_btl_openib: libosmcomp.so.4: cannot open shared object file: No such file or directory (ignored)
[wn-01-01-05.cluster.roma3:3378055] mca_base_component_repository_open: unable to open mca_btl_openib: libosmcomp.so.4: cannot open shared object file: No such file or directory (ignored)
[wn-01-01-05.cluster.roma3:3378056] mca_base_component_repository_open: unable to open mca_mtl_psm: libpsm_infinipath.so.1: cannot open shared object file: No such file or directory (ignored)
[wn-01-01-05.cluster.roma3:3378055] mca_base_component_repository_open: unable to open mca_mtl_psm: libpsm_infinipath.so.1: cannot open shared object file: No such file or directory (ignored)
[wn-01-01-05.cluster.roma3:3378053] mca_base_component_repository_open: unable to open mca_mtl_psm: libpsm_infinipath.so.1: cannot open shared object file: No such file or directory (ignored)
[wn-01-01-05.cluster.roma3:3378054] mca_base_component_repository_open: unable to open mca_mtl_psm: libpsm_infinipath.so.1: cannot open shared object file: No such file or directory (ignored)
world_size  4 rank 0
N_dim: 3, Npunti: 2097152, NThreads: 8, nConfs: 100000, Beta: 0.227273
Memory usage of the rng: 4 Bytes
Output file: output/128x128x128/meas_T4.4_hot.txt
