[wn-01-01-02.cluster.roma3:2249519] mca_base_component_repository_open: unable to open mca_btl_openib: libosmcomp.so.4: cannot open shared object file: No such file or directory (ignored)
[wn-01-01-02.cluster.roma3:2249521] mca_base_component_repository_open: unable to open mca_btl_openib: libosmcomp.so.4: cannot open shared object file: No such file or directory (ignored)
[wn-01-01-02.cluster.roma3:2249519] mca_base_component_repository_open: unable to open mca_mtl_psm: libpsm_infinipath.so.1: cannot open shared object file: No such file or directory (ignored)
[wn-01-01-02.cluster.roma3:2249521] mca_base_component_repository_open: unable to open mca_mtl_psm: libpsm_infinipath.so.1: cannot open shared object file: No such file or directory (ignored)
[wn-01-01-02.cluster.roma3:2249520] mca_base_component_repository_open: unable to open mca_btl_openib: libosmcomp.so.4: cannot open shared object file: No such file or directory (ignored)
[wn-01-01-02.cluster.roma3:2249520] mca_base_component_repository_open: unable to open mca_mtl_psm: libpsm_infinipath.so.1: cannot open shared object file: No such file or directory (ignored)
[wn-01-01-02.cluster.roma3:2249522] mca_base_component_repository_open: unable to open mca_btl_openib: libosmcomp.so.4: cannot open shared object file: No such file or directory (ignored)
[wn-01-01-02.cluster.roma3:2249522] mca_base_component_repository_open: unable to open mca_mtl_psm: libpsm_infinipath.so.1: cannot open shared object file: No such file or directory (ignored)
world_size  4 rank 0
N_dim: 2, Npunti: 4096, NThreads: 8, nConfs: 100000, Beta: 0.465116
Memory usage of the rng: 4 Bytes
Output file: output/meas_64x64_T2.15.txt

          PERFORMANCE PROFILING        
Total runtime:                400.209 s (100.0%)
Computation time:             198.433 s ( 49.6%)
MPI Communication:            200.469 s ( 50.1%)
I/O (file write):               1.098 s (  0.3%)
Initialitation time:            0.124 s (  0.0%)
Overhead:                       0.085 s (  0.0%)
Configurations:               100000
Time per config:                0.004 s
Bulk (rowing) time: 167.088217 s (0.001671 s/conf) | Boundary time: 31.344644 s (0.000313 s/conf)
