[wn-01-01-04.cluster.roma3:3977999] mca_base_component_repository_open: unable to open mca_btl_openib: libosmcomp.so.4: cannot open shared object file: No such file or directory (ignored)
[wn-01-01-04.cluster.roma3:3978001] mca_base_component_repository_open: unable to open mca_btl_openib: libosmcomp.so.4: cannot open shared object file: No such file or directory (ignored)
[wn-01-01-04.cluster.roma3:3978002] mca_base_component_repository_open: unable to open mca_btl_openib: libosmcomp.so.4: cannot open shared object file: No such file or directory (ignored)
[wn-01-01-04.cluster.roma3:3978000] mca_base_component_repository_open: unable to open mca_btl_openib: libosmcomp.so.4: cannot open shared object file: No such file or directory (ignored)
[wn-01-01-04.cluster.roma3:3977999] mca_base_component_repository_open: unable to open mca_mtl_psm: libpsm_infinipath.so.1: cannot open shared object file: No such file or directory (ignored)
[wn-01-01-04.cluster.roma3:3978001] mca_base_component_repository_open: unable to open mca_mtl_psm: libpsm_infinipath.so.1: cannot open shared object file: No such file or directory (ignored)
[wn-01-01-04.cluster.roma3:3978002] mca_base_component_repository_open: unable to open mca_mtl_psm: libpsm_infinipath.so.1: cannot open shared object file: No such file or directory (ignored)
[wn-01-01-04.cluster.roma3:3978000] mca_base_component_repository_open: unable to open mca_mtl_psm: libpsm_infinipath.so.1: cannot open shared object file: No such file or directory (ignored)
world_size  4 rank 0
N_dim: 2, Npunti: 16384, NThreads: 8, nConfs: 100000, Beta: 0.465116
Memory usage of the rng: 4 Bytes
Output file: output/meas_128x128_T2.15.txt

          PERFORMANCE PROFILING        
Total runtime:                  5.443 s (100.0%)
Computation time:               3.369 s ( 61.9%)
MPI Communication:              1.141 s ( 21.0%)
I/O (file write):               0.767 s ( 14.1%)
Initialitation time:            0.065 s (  1.2%)
Overhead:                       0.101 s (  1.9%)
Configurations:               100000
Time per config:                0.000 s
Bulk (rowing) time: 2.372372 s (0.000024 s/conf) | Boundary time: 0.996726 s (0.000010 s/conf)
