[wn-01-01-02.cluster.roma3:2247964] mca_base_component_repository_open: unable to open mca_btl_openib: libosmcomp.so.4: cannot open shared object file: No such file or directory (ignored)
[wn-01-01-02.cluster.roma3:2247966] mca_base_component_repository_open: unable to open mca_btl_openib: libosmcomp.so.4: cannot open shared object file: No such file or directory (ignored)
[wn-01-01-02.cluster.roma3:2247964] mca_base_component_repository_open: unable to open mca_mtl_psm: libpsm_infinipath.so.1: cannot open shared object file: No such file or directory (ignored)
[wn-01-01-02.cluster.roma3:2247966] mca_base_component_repository_open: unable to open mca_mtl_psm: libpsm_infinipath.so.1: cannot open shared object file: No such file or directory (ignored)
[wn-01-01-02.cluster.roma3:2247967] mca_base_component_repository_open: unable to open mca_btl_openib: libosmcomp.so.4: cannot open shared object file: No such file or directory (ignored)
[wn-01-01-02.cluster.roma3:2247967] mca_base_component_repository_open: unable to open mca_mtl_psm: libpsm_infinipath.so.1: cannot open shared object file: No such file or directory (ignored)
[wn-01-01-02.cluster.roma3:2247965] mca_base_component_repository_open: unable to open mca_btl_openib: libosmcomp.so.4: cannot open shared object file: No such file or directory (ignored)
[wn-01-01-02.cluster.roma3:2247965] mca_base_component_repository_open: unable to open mca_mtl_psm: libpsm_infinipath.so.1: cannot open shared object file: No such file or directory (ignored)
world_size  4 rank 0
N_dim: 2, Npunti: 4096, NThreads: 8, nConfs: 100000, Beta: 0.47619
Memory usage of the rng: 4 Bytes
Output file: output/meas_64x64_T2.1.txt

          PERFORMANCE PROFILING        
Total runtime:                394.986 s (100.0%)
Computation time:             194.666 s ( 49.3%)
MPI Communication:            198.994 s ( 50.4%)
I/O (file write):               1.087 s (  0.3%)
Initialitation time:            0.163 s (  0.0%)
Overhead:                       0.076 s (  0.0%)
Configurations:               100000
Time per config:                0.004 s
Bulk (rowing) time: 173.470487 s (0.001735 s/conf) | Boundary time: 21.195711 s (0.000212 s/conf)
