[wn-01-01-04.cluster.roma3:3980138] mca_base_component_repository_open: unable to open mca_btl_openib: libosmcomp.so.4: cannot open shared object file: No such file or directory (ignored)
[wn-01-01-04.cluster.roma3:3980140] mca_base_component_repository_open: unable to open mca_btl_openib: libosmcomp.so.4: cannot open shared object file: No such file or directory (ignored)
[wn-01-01-04.cluster.roma3:3980141] mca_base_component_repository_open: unable to open mca_btl_openib: libosmcomp.so.4: cannot open shared object file: No such file or directory (ignored)
[wn-01-01-04.cluster.roma3:3980139] mca_base_component_repository_open: unable to open mca_btl_openib: libosmcomp.so.4: cannot open shared object file: No such file or directory (ignored)
[wn-01-01-04.cluster.roma3:3980138] mca_base_component_repository_open: unable to open mca_mtl_psm: libpsm_infinipath.so.1: cannot open shared object file: No such file or directory (ignored)
[wn-01-01-04.cluster.roma3:3980140] mca_base_component_repository_open: unable to open mca_mtl_psm: libpsm_infinipath.so.1: cannot open shared object file: No such file or directory (ignored)
[wn-01-01-04.cluster.roma3:3980141] mca_base_component_repository_open: unable to open mca_mtl_psm: libpsm_infinipath.so.1: cannot open shared object file: No such file or directory (ignored)
[wn-01-01-04.cluster.roma3:3980139] mca_base_component_repository_open: unable to open mca_mtl_psm: libpsm_infinipath.so.1: cannot open shared object file: No such file or directory (ignored)
world_size  4 rank 0
N_dim: 2, Npunti: 256, NThreads: 8, nConfs: 100000, Beta: 0.227273
Memory usage of the rng: 4 Bytes
Output file: output/meas_16x16_T4.4.txt

          PERFORMANCE PROFILING        
Total runtime:                  3.623 s (100.0%)
Computation time:               1.868 s ( 51.6%)
MPI Communication:              0.881 s ( 24.3%)
I/O (file write):               0.725 s ( 20.0%)
Initialitation time:            0.062 s (  1.7%)
Overhead:                       0.087 s (  2.4%)
Configurations:               100000
Time per config:                0.000 s
Bulk (rowing) time: 0.914472 s (0.000009 s/conf) | Boundary time: 0.953582 s (0.000010 s/conf)
