[wn-01-01-02.cluster.roma3:2251027] mca_base_component_repository_open: unable to open mca_btl_openib: libosmcomp.so.4: cannot open shared object file: No such file or directory (ignored)
[wn-01-01-02.cluster.roma3:2251029] mca_base_component_repository_open: unable to open mca_btl_openib: libosmcomp.so.4: cannot open shared object file: No such file or directory (ignored)
[wn-01-01-02.cluster.roma3:2251027] mca_base_component_repository_open: unable to open mca_mtl_psm: libpsm_infinipath.so.1: cannot open shared object file: No such file or directory (ignored)
[wn-01-01-02.cluster.roma3:2251029] mca_base_component_repository_open: unable to open mca_mtl_psm: libpsm_infinipath.so.1: cannot open shared object file: No such file or directory (ignored)
[wn-01-01-02.cluster.roma3:2251028] mca_base_component_repository_open: unable to open mca_btl_openib: libosmcomp.so.4: cannot open shared object file: No such file or directory (ignored)
[wn-01-01-02.cluster.roma3:2251028] mca_base_component_repository_open: unable to open mca_mtl_psm: libpsm_infinipath.so.1: cannot open shared object file: No such file or directory (ignored)
[wn-01-01-02.cluster.roma3:2251030] mca_base_component_repository_open: unable to open mca_btl_openib: libosmcomp.so.4: cannot open shared object file: No such file or directory (ignored)
[wn-01-01-02.cluster.roma3:2251030] mca_base_component_repository_open: unable to open mca_mtl_psm: libpsm_infinipath.so.1: cannot open shared object file: No such file or directory (ignored)
world_size  4 rank 0
N_dim: 2, Npunti: 4096, NThreads: 8, nConfs: 100000, Beta: 0.454545
Memory usage of the rng: 4 Bytes
Output file: output/meas_64x64_T2.2.txt

          PERFORMANCE PROFILING        
Total runtime:                399.572 s (100.0%)
Computation time:             185.289 s ( 46.4%)
MPI Communication:            213.107 s ( 53.3%)
I/O (file write):               1.011 s (  0.3%)
Initialitation time:            0.086 s (  0.0%)
Overhead:                       0.079 s (  0.0%)
Configurations:               100000
Time per config:                0.004 s
Bulk (rowing) time: 156.522346 s (0.001565 s/conf) | Boundary time: 28.766417 s (0.000288 s/conf)
