[wn-01-01-02.cluster.roma3:2264035] mca_base_component_repository_open: unable to open mca_btl_openib: libosmcomp.so.4: cannot open shared object file: No such file or directory (ignored)
[wn-01-01-02.cluster.roma3:2264035] mca_base_component_repository_open: unable to open mca_mtl_psm: libpsm_infinipath.so.1: cannot open shared object file: No such file or directory (ignored)
[wn-01-01-02.cluster.roma3:2264037] mca_base_component_repository_open: unable to open mca_btl_openib: libosmcomp.so.4: cannot open shared object file: No such file or directory (ignored)
[wn-01-01-02.cluster.roma3:2264037] mca_base_component_repository_open: unable to open mca_mtl_psm: libpsm_infinipath.so.1: cannot open shared object file: No such file or directory (ignored)
[wn-01-01-02.cluster.roma3:2264036] mca_base_component_repository_open: unable to open mca_btl_openib: libosmcomp.so.4: cannot open shared object file: No such file or directory (ignored)
[wn-01-01-02.cluster.roma3:2264036] mca_base_component_repository_open: unable to open mca_mtl_psm: libpsm_infinipath.so.1: cannot open shared object file: No such file or directory (ignored)
[wn-01-01-02.cluster.roma3:2264038] mca_base_component_repository_open: unable to open mca_btl_openib: libosmcomp.so.4: cannot open shared object file: No such file or directory (ignored)
[wn-01-01-02.cluster.roma3:2264038] mca_base_component_repository_open: unable to open mca_mtl_psm: libpsm_infinipath.so.1: cannot open shared object file: No such file or directory (ignored)
world_size  4 rank 0
N_dim: 2, Npunti: 4096, NThreads: 8, nConfs: 100000, Beta: 0.442478
Memory usage of the rng: 4 Bytes
Output file: output/meas_64x64_T2.26.txt

          PERFORMANCE PROFILING        
Total runtime:                 48.489 s (100.0%)
Computation time:              21.707 s ( 44.8%)
MPI Communication:             25.760 s ( 53.1%)
I/O (file write):               0.757 s (  1.6%)
Initialitation time:            0.163 s (  0.3%)
Overhead:                       0.102 s (  0.2%)
Configurations:               100000
Time per config:                0.000 s
Bulk (rowing) time: 16.675494 s (0.000167 s/conf) | Boundary time: 5.031687 s (0.000050 s/conf)
