[wn-01-01-02.cluster.roma3:2246191] mca_base_component_repository_open: unable to open mca_btl_openib: libosmcomp.so.4: cannot open shared object file: No such file or directory (ignored)
[wn-01-01-02.cluster.roma3:2246193] mca_base_component_repository_open: unable to open mca_btl_openib: libosmcomp.so.4: cannot open shared object file: No such file or directory (ignored)
[wn-01-01-02.cluster.roma3:2246194] mca_base_component_repository_open: unable to open mca_btl_openib: libosmcomp.so.4: cannot open shared object file: No such file or directory (ignored)
[wn-01-01-02.cluster.roma3:2246192] mca_base_component_repository_open: unable to open mca_btl_openib: libosmcomp.so.4: cannot open shared object file: No such file or directory (ignored)
[wn-01-01-02.cluster.roma3:2246194] mca_base_component_repository_open: unable to open mca_mtl_psm: libpsm_infinipath.so.1: cannot open shared object file: No such file or directory (ignored)
[wn-01-01-02.cluster.roma3:2246192] mca_base_component_repository_open: unable to open mca_mtl_psm: libpsm_infinipath.so.1: cannot open shared object file: No such file or directory (ignored)
[wn-01-01-02.cluster.roma3:2246193] mca_base_component_repository_open: unable to open mca_mtl_psm: libpsm_infinipath.so.1: cannot open shared object file: No such file or directory (ignored)
[wn-01-01-02.cluster.roma3:2246191] mca_base_component_repository_open: unable to open mca_mtl_psm: libpsm_infinipath.so.1: cannot open shared object file: No such file or directory (ignored)
world_size  4 rank 0
N_dim: 2, Npunti: 4096, NThreads: 8, nConfs: 100000, Beta: 0.5
Memory usage of the rng: 4 Bytes
Output file: output/meas_64x64_T2.txt

          PERFORMANCE PROFILING        
Total runtime:                398.864 s (100.0%)
Computation time:             198.293 s ( 49.7%)
MPI Communication:            198.703 s ( 49.8%)
I/O (file write):               1.053 s (  0.3%)
Initialitation time:            0.725 s (  0.2%)
Overhead:                       0.091 s (  0.0%)
Configurations:               100000
Time per config:                0.004 s
Bulk (rowing) time: 172.626462 s (0.001726 s/conf) | Boundary time: 25.666122 s (0.000257 s/conf)
