[wn-01-01-04.cluster.roma3:3977905] mca_base_component_repository_open: unable to open mca_btl_openib: libosmcomp.so.4: cannot open shared object file: No such file or directory (ignored)
[wn-01-01-04.cluster.roma3:3977907] mca_base_component_repository_open: unable to open mca_btl_openib: libosmcomp.so.4: cannot open shared object file: No such file or directory (ignored)
[wn-01-01-04.cluster.roma3:3977908] mca_base_component_repository_open: unable to open mca_btl_openib: libosmcomp.so.4: cannot open shared object file: No such file or directory (ignored)
[wn-01-01-04.cluster.roma3:3977906] mca_base_component_repository_open: unable to open mca_btl_openib: libosmcomp.so.4: cannot open shared object file: No such file or directory (ignored)
[wn-01-01-04.cluster.roma3:3977907] mca_base_component_repository_open: unable to open mca_mtl_psm: libpsm_infinipath.so.1: cannot open shared object file: No such file or directory (ignored)
[wn-01-01-04.cluster.roma3:3977905] mca_base_component_repository_open: unable to open mca_mtl_psm: libpsm_infinipath.so.1: cannot open shared object file: No such file or directory (ignored)
[wn-01-01-04.cluster.roma3:3977906] mca_base_component_repository_open: unable to open mca_mtl_psm: libpsm_infinipath.so.1: cannot open shared object file: No such file or directory (ignored)
[wn-01-01-04.cluster.roma3:3977908] mca_base_component_repository_open: unable to open mca_mtl_psm: libpsm_infinipath.so.1: cannot open shared object file: No such file or directory (ignored)
world_size  4 rank 0
N_dim: 2, Npunti: 16384, NThreads: 8, nConfs: 100000, Beta: 0.487805
Memory usage of the rng: 4 Bytes
Output file: output/meas_128x128_T2.05.txt

          PERFORMANCE PROFILING        
Total runtime:                  5.457 s (100.0%)
Computation time:               3.424 s ( 62.7%)
MPI Communication:              1.125 s ( 20.6%)
I/O (file write):               0.747 s ( 13.7%)
Initialitation time:            0.065 s (  1.2%)
Overhead:                       0.097 s (  1.8%)
Configurations:               100000
Time per config:                0.000 s
Bulk (rowing) time: 2.385698 s (0.000024 s/conf) | Boundary time: 1.037838 s (0.000010 s/conf)
