[wn-01-01-04.cluster.roma3:3978397] mca_base_component_repository_open: unable to open mca_btl_openib: libosmcomp.so.4: cannot open shared object file: No such file or directory (ignored)
[wn-01-01-04.cluster.roma3:3978399] mca_base_component_repository_open: unable to open mca_btl_openib: libosmcomp.so.4: cannot open shared object file: No such file or directory (ignored)
[wn-01-01-04.cluster.roma3:3978400] mca_base_component_repository_open: unable to open mca_btl_openib: libosmcomp.so.4: cannot open shared object file: No such file or directory (ignored)
[wn-01-01-04.cluster.roma3:3978398] mca_base_component_repository_open: unable to open mca_btl_openib: libosmcomp.so.4: cannot open shared object file: No such file or directory (ignored)
[wn-01-01-04.cluster.roma3:3978399] mca_base_component_repository_open: unable to open mca_mtl_psm: libpsm_infinipath.so.1: cannot open shared object file: No such file or directory (ignored)
[wn-01-01-04.cluster.roma3:3978397] mca_base_component_repository_open: unable to open mca_mtl_psm: libpsm_infinipath.so.1: cannot open shared object file: No such file or directory (ignored)
[wn-01-01-04.cluster.roma3:3978398] mca_base_component_repository_open: unable to open mca_mtl_psm: libpsm_infinipath.so.1: cannot open shared object file: No such file or directory (ignored)
[wn-01-01-04.cluster.roma3:3978400] mca_base_component_repository_open: unable to open mca_mtl_psm: libpsm_infinipath.so.1: cannot open shared object file: No such file or directory (ignored)
world_size  4 rank 0
N_dim: 2, Npunti: 16384, NThreads: 8, nConfs: 100000, Beta: 0.425532
Memory usage of the rng: 4 Bytes
Output file: output/meas_128x128_T2.35.txt

          PERFORMANCE PROFILING        
Total runtime:                  5.425 s (100.0%)
Computation time:               3.379 s ( 62.3%)
MPI Communication:              1.123 s ( 20.7%)
I/O (file write):               0.763 s ( 14.1%)
Initialitation time:            0.062 s (  1.1%)
Overhead:                       0.099 s (  1.8%)
Configurations:               100000
Time per config:                0.000 s
Bulk (rowing) time: 2.360901 s (0.000024 s/conf) | Boundary time: 1.018266 s (0.000010 s/conf)
