[wn-01-01-04.cluster.roma3:3978148] mca_base_component_repository_open: unable to open mca_btl_openib: libosmcomp.so.4: cannot open shared object file: No such file or directory (ignored)
[wn-01-01-04.cluster.roma3:3978150] mca_base_component_repository_open: unable to open mca_btl_openib: libosmcomp.so.4: cannot open shared object file: No such file or directory (ignored)
[wn-01-01-04.cluster.roma3:3978151] mca_base_component_repository_open: unable to open mca_btl_openib: libosmcomp.so.4: cannot open shared object file: No such file or directory (ignored)
[wn-01-01-04.cluster.roma3:3978149] mca_base_component_repository_open: unable to open mca_btl_openib: libosmcomp.so.4: cannot open shared object file: No such file or directory (ignored)
[wn-01-01-04.cluster.roma3:3978150] mca_base_component_repository_open: unable to open mca_mtl_psm: libpsm_infinipath.so.1: cannot open shared object file: No such file or directory (ignored)
[wn-01-01-04.cluster.roma3:3978148] mca_base_component_repository_open: unable to open mca_mtl_psm: libpsm_infinipath.so.1: cannot open shared object file: No such file or directory (ignored)
[wn-01-01-04.cluster.roma3:3978149] mca_base_component_repository_open: unable to open mca_mtl_psm: libpsm_infinipath.so.1: cannot open shared object file: No such file or directory (ignored)
[wn-01-01-04.cluster.roma3:3978151] mca_base_component_repository_open: unable to open mca_mtl_psm: libpsm_infinipath.so.1: cannot open shared object file: No such file or directory (ignored)
world_size  4 rank 0
N_dim: 2, Npunti: 16384, NThreads: 8, nConfs: 100000, Beta: 0.446429
Memory usage of the rng: 4 Bytes
Output file: output/meas_128x128_T2.24.txt

          PERFORMANCE PROFILING        
Total runtime:                  5.412 s (100.0%)
Computation time:               3.396 s ( 62.7%)
MPI Communication:              1.124 s ( 20.8%)
I/O (file write):               0.735 s ( 13.6%)
Initialitation time:            0.062 s (  1.1%)
Overhead:                       0.094 s (  1.7%)
Configurations:               100000
Time per config:                0.000 s
Bulk (rowing) time: 2.365912 s (0.000024 s/conf) | Boundary time: 1.029868 s (0.000010 s/conf)
