[wn-01-01-04.cluster.roma3:3978194] mca_base_component_repository_open: unable to open mca_btl_openib: libosmcomp.so.4: cannot open shared object file: No such file or directory (ignored)
[wn-01-01-04.cluster.roma3:3978196] mca_base_component_repository_open: unable to open mca_btl_openib: libosmcomp.so.4: cannot open shared object file: No such file or directory (ignored)
[wn-01-01-04.cluster.roma3:3978197] mca_base_component_repository_open: unable to open mca_btl_openib: libosmcomp.so.4: cannot open shared object file: No such file or directory (ignored)
[wn-01-01-04.cluster.roma3:3978195] mca_base_component_repository_open: unable to open mca_btl_openib: libosmcomp.so.4: cannot open shared object file: No such file or directory (ignored)
[wn-01-01-04.cluster.roma3:3978194] mca_base_component_repository_open: unable to open mca_mtl_psm: libpsm_infinipath.so.1: cannot open shared object file: No such file or directory (ignored)
[wn-01-01-04.cluster.roma3:3978196] mca_base_component_repository_open: unable to open mca_mtl_psm: libpsm_infinipath.so.1: cannot open shared object file: No such file or directory (ignored)
[wn-01-01-04.cluster.roma3:3978197] mca_base_component_repository_open: unable to open mca_mtl_psm: libpsm_infinipath.so.1: cannot open shared object file: No such file or directory (ignored)
[wn-01-01-04.cluster.roma3:3978195] mca_base_component_repository_open: unable to open mca_mtl_psm: libpsm_infinipath.so.1: cannot open shared object file: No such file or directory (ignored)
world_size  4 rank 0
N_dim: 2, Npunti: 16384, NThreads: 8, nConfs: 100000, Beta: 0.442478
Memory usage of the rng: 4 Bytes
Output file: output/meas_128x128_T2.26.txt

          PERFORMANCE PROFILING        
Total runtime:                  5.426 s (100.0%)
Computation time:               3.410 s ( 62.8%)
MPI Communication:              1.113 s ( 20.5%)
I/O (file write):               0.745 s ( 13.7%)
Initialitation time:            0.061 s (  1.1%)
Overhead:                       0.097 s (  1.8%)
Configurations:               100000
Time per config:                0.000 s
Bulk (rowing) time: 2.367758 s (0.000024 s/conf) | Boundary time: 1.042070 s (0.000010 s/conf)
