[wn-01-01-04.cluster.roma3:3980384] mca_base_component_repository_open: unable to open mca_btl_openib: libosmcomp.so.4: cannot open shared object file: No such file or directory (ignored)
[wn-01-01-04.cluster.roma3:3980382] mca_base_component_repository_open: unable to open mca_btl_openib: libosmcomp.so.4: cannot open shared object file: No such file or directory (ignored)
[wn-01-01-04.cluster.roma3:3980383] mca_base_component_repository_open: unable to open mca_btl_openib: libosmcomp.so.4: cannot open shared object file: No such file or directory (ignored)
[wn-01-01-04.cluster.roma3:3980385] mca_base_component_repository_open: unable to open mca_btl_openib: libosmcomp.so.4: cannot open shared object file: No such file or directory (ignored)
[wn-01-01-04.cluster.roma3:3980384] mca_base_component_repository_open: unable to open mca_mtl_psm: libpsm_infinipath.so.1: cannot open shared object file: No such file or directory (ignored)
[wn-01-01-04.cluster.roma3:3980382] mca_base_component_repository_open: unable to open mca_mtl_psm: libpsm_infinipath.so.1: cannot open shared object file: No such file or directory (ignored)
[wn-01-01-04.cluster.roma3:3980385] mca_base_component_repository_open: unable to open mca_mtl_psm: libpsm_infinipath.so.1: cannot open shared object file: No such file or directory (ignored)
[wn-01-01-04.cluster.roma3:3980383] mca_base_component_repository_open: unable to open mca_mtl_psm: libpsm_infinipath.so.1: cannot open shared object file: No such file or directory (ignored)
world_size  4 rank 0
N_dim: 2, Npunti: 256, NThreads: 8, nConfs: 100000, Beta: 0.215054
Memory usage of the rng: 4 Bytes
Output file: output/meas_16x16_T4.65.txt

          PERFORMANCE PROFILING        
Total runtime:                  3.649 s (100.0%)
Computation time:               1.876 s ( 51.4%)
MPI Communication:              0.901 s ( 24.7%)
I/O (file write):               0.714 s ( 19.6%)
Initialitation time:            0.062 s (  1.7%)
Overhead:                       0.095 s (  2.6%)
Configurations:               100000
Time per config:                0.000 s
Bulk (rowing) time: 0.917298 s (0.000009 s/conf) | Boundary time: 0.959113 s (0.000010 s/conf)
