[wn-01-01-02.cluster.roma3:2264264] mca_base_component_repository_open: unable to open mca_btl_openib: libosmcomp.so.4: cannot open shared object file: No such file or directory (ignored)
[wn-01-01-02.cluster.roma3:2264266] mca_base_component_repository_open: unable to open mca_btl_openib: libosmcomp.so.4: cannot open shared object file: No such file or directory (ignored)
[wn-01-01-02.cluster.roma3:2264264] mca_base_component_repository_open: unable to open mca_mtl_psm: libpsm_infinipath.so.1: cannot open shared object file: No such file or directory (ignored)
[wn-01-01-02.cluster.roma3:2264266] mca_base_component_repository_open: unable to open mca_mtl_psm: libpsm_infinipath.so.1: cannot open shared object file: No such file or directory (ignored)
[wn-01-01-02.cluster.roma3:2264265] mca_base_component_repository_open: unable to open mca_btl_openib: libosmcomp.so.4: cannot open shared object file: No such file or directory (ignored)
[wn-01-01-02.cluster.roma3:2264265] mca_base_component_repository_open: unable to open mca_mtl_psm: libpsm_infinipath.so.1: cannot open shared object file: No such file or directory (ignored)
[wn-01-01-02.cluster.roma3:2264267] mca_base_component_repository_open: unable to open mca_btl_openib: libosmcomp.so.4: cannot open shared object file: No such file or directory (ignored)
[wn-01-01-02.cluster.roma3:2264267] mca_base_component_repository_open: unable to open mca_mtl_psm: libpsm_infinipath.so.1: cannot open shared object file: No such file or directory (ignored)
world_size  4 rank 0
N_dim: 2, Npunti: 4096, NThreads: 8, nConfs: 100000, Beta: 0.431034
Memory usage of the rng: 4 Bytes
Output file: output/meas_64x64_T2.32.txt

          PERFORMANCE PROFILING        
Total runtime:                124.471 s (100.0%)
Computation time:              61.151 s ( 49.1%)
MPI Communication:             62.236 s ( 50.0%)
I/O (file write):               0.802 s (  0.6%)
Initialitation time:            0.189 s (  0.2%)
Overhead:                       0.093 s (  0.1%)
Configurations:               100000
Time per config:                0.001 s
Bulk (rowing) time: 55.604479 s (0.000556 s/conf) | Boundary time: 5.546725 s (0.000055 s/conf)
