[wn-01-01-04.cluster.roma3:3978303] mca_base_component_repository_open: unable to open mca_btl_openib: libosmcomp.so.4: cannot open shared object file: No such file or directory (ignored)
[wn-01-01-04.cluster.roma3:3978305] mca_base_component_repository_open: unable to open mca_btl_openib: libosmcomp.so.4: cannot open shared object file: No such file or directory (ignored)
[wn-01-01-04.cluster.roma3:3978306] mca_base_component_repository_open: unable to open mca_btl_openib: libosmcomp.so.4: cannot open shared object file: No such file or directory (ignored)
[wn-01-01-04.cluster.roma3:3978304] mca_base_component_repository_open: unable to open mca_btl_openib: libosmcomp.so.4: cannot open shared object file: No such file or directory (ignored)
[wn-01-01-04.cluster.roma3:3978303] mca_base_component_repository_open: unable to open mca_mtl_psm: libpsm_infinipath.so.1: cannot open shared object file: No such file or directory (ignored)
[wn-01-01-04.cluster.roma3:3978305] mca_base_component_repository_open: unable to open mca_mtl_psm: libpsm_infinipath.so.1: cannot open shared object file: No such file or directory (ignored)
[wn-01-01-04.cluster.roma3:3978306] mca_base_component_repository_open: unable to open mca_mtl_psm: libpsm_infinipath.so.1: cannot open shared object file: No such file or directory (ignored)
[wn-01-01-04.cluster.roma3:3978304] mca_base_component_repository_open: unable to open mca_mtl_psm: libpsm_infinipath.so.1: cannot open shared object file: No such file or directory (ignored)
world_size  4 rank 0
N_dim: 2, Npunti: 16384, NThreads: 8, nConfs: 100000, Beta: 0.434783
Memory usage of the rng: 4 Bytes
Output file: output/meas_128x128_T2.3.txt

          PERFORMANCE PROFILING        
Total runtime:                  5.454 s (100.0%)
Computation time:               3.398 s ( 62.3%)
MPI Communication:              1.121 s ( 20.6%)
I/O (file write):               0.771 s ( 14.1%)
Initialitation time:            0.065 s (  1.2%)
Overhead:                       0.099 s (  1.8%)
Configurations:               100000
Time per config:                0.000 s
Bulk (rowing) time: 2.364126 s (0.000024 s/conf) | Boundary time: 1.033805 s (0.000010 s/conf)
