[wn-01-01-04.cluster.roma3:3557690] mca_base_component_repository_open: unable to open mca_btl_openib: libosmcomp.so.4: cannot open shared object file: No such file or directory (ignored)
[wn-01-01-04.cluster.roma3:3557687] mca_base_component_repository_open: unable to open mca_btl_openib: libosmcomp.so.4: cannot open shared object file: No such file or directory (ignored)
[wn-01-01-04.cluster.roma3:3557688] mca_base_component_repository_open: unable to open mca_btl_openib: libosmcomp.so.4: cannot open shared object file: No such file or directory (ignored)
[wn-01-01-04.cluster.roma3:3557689] mca_base_component_repository_open: unable to open mca_btl_openib: libosmcomp.so.4: cannot open shared object file: No such file or directory (ignored)
[wn-01-01-04.cluster.roma3:3557687] mca_base_component_repository_open: unable to open mca_mtl_psm: libpsm_infinipath.so.1: cannot open shared object file: No such file or directory (ignored)
[wn-01-01-04.cluster.roma3:3557689] mca_base_component_repository_open: unable to open mca_mtl_psm: libpsm_infinipath.so.1: cannot open shared object file: No such file or directory (ignored)
[wn-01-01-04.cluster.roma3:3557690] mca_base_component_repository_open: unable to open mca_mtl_psm: libpsm_infinipath.so.1: cannot open shared object file: No such file or directory (ignored)
[wn-01-01-04.cluster.roma3:3557688] mca_base_component_repository_open: unable to open mca_mtl_psm: libpsm_infinipath.so.1: cannot open shared object file: No such file or directory (ignored)
N_dim: 2, Npunti: 14400, NThreads: 8, nConfs: 1000, Beta: 0.45
numero di rank: 4
Output file: output/meas_4rank_120x120.txt

          PERFORMANCE PROFILING        
Total runtime:                  0.134 s (100.0%)
Computation time:               0.042 s ( 31.6%)
MPI Communication:              0.015 s ( 10.9%)
I/O (file write):               0.010 s (  7.3%)
Initialitation time:            0.066 s ( 49.5%)
Overhead:                       0.001 s (  0.8%)
Configurations:               1000
Time per config:                0.000 s
Bulk (rowing) time: 0.031981 s (0.000032 s/conf) | Boundary time: 0.010471 s (0.000010 s/conf)
