[cloud-02-04.cluster.roma3:2662158] mca_base_component_repository_open: unable to open mca_btl_openib: libosmcomp.so.4: cannot open shared object file: No such file or directory (ignored)
[cloud-02-04.cluster.roma3:2662158] mca_base_component_repository_open: unable to open mca_mtl_psm: libpsm_infinipath.so.1: cannot open shared object file: No such file or directory (ignored)
[cloud-02-04.cluster.roma3:2662159] mca_base_component_repository_open: unable to open mca_btl_openib: libosmcomp.so.4: cannot open shared object file: No such file or directory (ignored)
[cloud-02-04.cluster.roma3:2662159] mca_base_component_repository_open: unable to open mca_mtl_psm: libpsm_infinipath.so.1: cannot open shared object file: No such file or directory (ignored)
[cloud-02-04.cluster.roma3:2662164] mca_base_component_repository_open: unable to open mca_btl_openib: libosmcomp.so.4: cannot open shared object file: No such file or directory (ignored)
[cloud-02-04.cluster.roma3:2662163] mca_base_component_repository_open: unable to open mca_btl_openib: libosmcomp.so.4: cannot open shared object file: No such file or directory (ignored)
[cloud-02-04.cluster.roma3:2662163] mca_base_component_repository_open: unable to open mca_mtl_psm: libpsm_infinipath.so.1: cannot open shared object file: No such file or directory (ignored)
[cloud-02-04.cluster.roma3:2662166] mca_base_component_repository_open: unable to open mca_btl_openib: libosmcomp.so.4: cannot open shared object file: No such file or directory (ignored)
[cloud-02-04.cluster.roma3:2662168] mca_base_component_repository_open: unable to open mca_btl_openib: libosmcomp.so.4: cannot open shared object file: No such file or directory (ignored)
[cloud-02-04.cluster.roma3:2662168] mca_base_component_repository_open: unable to open mca_mtl_psm: libpsm_infinipath.so.1: cannot open shared object file: No such file or directory (ignored)
[cloud-02-04.cluster.roma3:2662167] mca_base_component_repository_open: unable to open mca_btl_openib: libosmcomp.so.4: cannot open shared object file: No such file or directory (ignored)
[cloud-02-04.cluster.roma3:2662171] mca_base_component_repository_open: unable to open mca_btl_openib: libosmcomp.so.4: cannot open shared object file: No such file or directory (ignored)
[cloud-02-04.cluster.roma3:2662171] mca_base_component_repository_open: unable to open mca_mtl_psm: libpsm_infinipath.so.1: cannot open shared object file: No such file or directory (ignored)
[cloud-02-04.cluster.roma3:2662174] mca_base_component_repository_open: unable to open mca_btl_openib: libosmcomp.so.4: cannot open shared object file: No such file or directory (ignored)
[cloud-02-04.cluster.roma3:2662174] mca_base_component_repository_open: unable to open mca_mtl_psm: libpsm_infinipath.so.1: cannot open shared object file: No such file or directory (ignored)
[cloud-02-04.cluster.roma3:2662179] mca_base_component_repository_open: unable to open mca_btl_openib: libosmcomp.so.4: cannot open shared object file: No such file or directory (ignored)
[cloud-02-04.cluster.roma3:2662180] mca_base_component_repository_open: unable to open mca_btl_openib: libosmcomp.so.4: cannot open shared object file: No such file or directory (ignored)
[cloud-02-04.cluster.roma3:2662180] mca_base_component_repository_open: unable to open mca_mtl_psm: libpsm_infinipath.so.1: cannot open shared object file: No such file or directory (ignored)
[cloud-02-04.cluster.roma3:2662182] mca_base_component_repository_open: unable to open mca_btl_openib: libosmcomp.so.4: cannot open shared object file: No such file or directory (ignored)
[cloud-02-04.cluster.roma3:2662182] mca_base_component_repository_open: unable to open mca_mtl_psm: libpsm_infinipath.so.1: cannot open shared object file: No such file or directory (ignored)
[cloud-02-04.cluster.roma3:2662186] mca_base_component_repository_open: unable to open mca_btl_openib: libosmcomp.so.4: cannot open shared object file: No such file or directory (ignored)
[cloud-02-04.cluster.roma3:2662189] mca_base_component_repository_open: unable to open mca_btl_openib: libosmcomp.so.4: cannot open shared object file: No such file or directory (ignored)
[cloud-02-04.cluster.roma3:2662189] mca_base_component_repository_open: unable to open mca_mtl_psm: libpsm_infinipath.so.1: cannot open shared object file: No such file or directory (ignored)
[cloud-02-04.cluster.roma3:2662165] mca_base_component_repository_open: unable to open mca_btl_openib: libosmcomp.so.4: cannot open shared object file: No such file or directory (ignored)
[cloud-02-04.cluster.roma3:2662175] mca_base_component_repository_open: unable to open mca_btl_openib: libosmcomp.so.4: cannot open shared object file: No such file or directory (ignored)
[cloud-02-04.cluster.roma3:2662173] mca_base_component_repository_open: unable to open mca_btl_openib: libosmcomp.so.4: cannot open shared object file: No such file or directory (ignored)
[cloud-02-04.cluster.roma3:2662181] mca_base_component_repository_open: unable to open mca_btl_openib: libosmcomp.so.4: cannot open shared object file: No such file or directory (ignored)
[cloud-02-04.cluster.roma3:2662160] mca_base_component_repository_open: unable to open mca_btl_openib: libosmcomp.so.4: cannot open shared object file: No such file or directory (ignored)
[cloud-02-04.cluster.roma3:2662178] mca_base_component_repository_open: unable to open mca_btl_openib: libosmcomp.so.4: cannot open shared object file: No such file or directory (ignored)
[cloud-02-04.cluster.roma3:2662188] mca_base_component_repository_open: unable to open mca_btl_openib: libosmcomp.so.4: cannot open shared object file: No such file or directory (ignored)
[cloud-02-04.cluster.roma3:2662184] mca_base_component_repository_open: unable to open mca_btl_openib: libosmcomp.so.4: cannot open shared object file: No such file or directory (ignored)
[cloud-02-04.cluster.roma3:2662164] mca_base_component_repository_open: unable to open mca_mtl_psm: libpsm_infinipath.so.1: cannot open shared object file: No such file or directory (ignored)
[cloud-02-04.cluster.roma3:2662172] mca_base_component_repository_open: unable to open mca_btl_openib: libosmcomp.so.4: cannot open shared object file: No such file or directory (ignored)
[cloud-02-04.cluster.roma3:2662186] mca_base_component_repository_open: unable to open mca_mtl_psm: libpsm_infinipath.so.1: cannot open shared object file: No such file or directory (ignored)
[cloud-02-04.cluster.roma3:2662179] mca_base_component_repository_open: unable to open mca_mtl_psm: libpsm_infinipath.so.1: cannot open shared object file: No such file or directory (ignored)
[cloud-02-04.cluster.roma3:2662172] mca_base_component_repository_open: unable to open mca_mtl_psm: libpsm_infinipath.so.1: cannot open shared object file: No such file or directory (ignored)
[cloud-02-04.cluster.roma3:2662167] mca_base_component_repository_open: unable to open mca_mtl_psm: libpsm_infinipath.so.1: cannot open shared object file: No such file or directory (ignored)
[cloud-02-04.cluster.roma3:2662161] mca_base_component_repository_open: unable to open mca_btl_openib: libosmcomp.so.4: cannot open shared object file: No such file or directory (ignored)
[cloud-02-04.cluster.roma3:2662173] mca_base_component_repository_open: unable to open mca_mtl_psm: libpsm_infinipath.so.1: cannot open shared object file: No such file or directory (ignored)
[cloud-02-04.cluster.roma3:2662188] mca_base_component_repository_open: unable to open mca_mtl_psm: libpsm_infinipath.so.1: cannot open shared object file: No such file or directory (ignored)
[cloud-02-04.cluster.roma3:2662166] mca_base_component_repository_open: unable to open mca_mtl_psm: libpsm_infinipath.so.1: cannot open shared object file: No such file or directory (ignored)
[cloud-02-04.cluster.roma3:2662170] mca_base_component_repository_open: unable to open mca_btl_openib: libosmcomp.so.4: cannot open shared object file: No such file or directory (ignored)
[cloud-02-04.cluster.roma3:2662187] mca_base_component_repository_open: unable to open mca_btl_openib: libosmcomp.so.4: cannot open shared object file: No such file or directory (ignored)
[cloud-02-04.cluster.roma3:2662169] mca_base_component_repository_open: unable to open mca_btl_openib: libosmcomp.so.4: cannot open shared object file: No such file or directory (ignored)
[cloud-02-04.cluster.roma3:2662176] mca_base_component_repository_open: unable to open mca_btl_openib: libosmcomp.so.4: cannot open shared object file: No such file or directory (ignored)
[cloud-02-04.cluster.roma3:2662185] mca_base_component_repository_open: unable to open mca_btl_openib: libosmcomp.so.4: cannot open shared object file: No such file or directory (ignored)
[cloud-02-04.cluster.roma3:2662178] mca_base_component_repository_open: unable to open mca_mtl_psm: libpsm_infinipath.so.1: cannot open shared object file: No such file or directory (ignored)
[cloud-02-04.cluster.roma3:2662162] mca_base_component_repository_open: unable to open mca_btl_openib: libosmcomp.so.4: cannot open shared object file: No such file or directory (ignored)
[cloud-02-04.cluster.roma3:2662187] mca_base_component_repository_open: unable to open mca_mtl_psm: libpsm_infinipath.so.1: cannot open shared object file: No such file or directory (ignored)
[cloud-02-04.cluster.roma3:2662165] mca_base_component_repository_open: unable to open mca_mtl_psm: libpsm_infinipath.so.1: cannot open shared object file: No such file or directory (ignored)
[cloud-02-04.cluster.roma3:2662162] mca_base_component_repository_open: unable to open mca_mtl_psm: libpsm_infinipath.so.1: cannot open shared object file: No such file or directory (ignored)
[cloud-02-04.cluster.roma3:2662175] mca_base_component_repository_open: unable to open mca_mtl_psm: libpsm_infinipath.so.1: cannot open shared object file: No such file or directory (ignored)
[cloud-02-04.cluster.roma3:2662177] mca_base_component_repository_open: unable to open mca_btl_openib: libosmcomp.so.4: cannot open shared object file: No such file or directory (ignored)
[cloud-02-04.cluster.roma3:2662160] mca_base_component_repository_open: unable to open mca_mtl_psm: libpsm_infinipath.so.1: cannot open shared object file: No such file or directory (ignored)
[cloud-02-04.cluster.roma3:2662181] mca_base_component_repository_open: unable to open mca_mtl_psm: libpsm_infinipath.so.1: cannot open shared object file: No such file or directory (ignored)
[cloud-02-04.cluster.roma3:2662177] mca_base_component_repository_open: unable to open mca_mtl_psm: libpsm_infinipath.so.1: cannot open shared object file: No such file or directory (ignored)
[cloud-02-04.cluster.roma3:2662169] mca_base_component_repository_open: unable to open mca_mtl_psm: libpsm_infinipath.so.1: cannot open shared object file: No such file or directory (ignored)
[cloud-02-04.cluster.roma3:2662184] mca_base_component_repository_open: unable to open mca_mtl_psm: libpsm_infinipath.so.1: cannot open shared object file: No such file or directory (ignored)
[cloud-02-04.cluster.roma3:2662161] mca_base_component_repository_open: unable to open mca_mtl_psm: libpsm_infinipath.so.1: cannot open shared object file: No such file or directory (ignored)
[cloud-02-04.cluster.roma3:2662183] mca_base_component_repository_open: unable to open mca_btl_openib: libosmcomp.so.4: cannot open shared object file: No such file or directory (ignored)
[cloud-02-04.cluster.roma3:2662183] mca_base_component_repository_open: unable to open mca_mtl_psm: libpsm_infinipath.so.1: cannot open shared object file: No such file or directory (ignored)
[cloud-02-04.cluster.roma3:2662176] mca_base_component_repository_open: unable to open mca_mtl_psm: libpsm_infinipath.so.1: cannot open shared object file: No such file or directory (ignored)
[cloud-02-04.cluster.roma3:2662170] mca_base_component_repository_open: unable to open mca_mtl_psm: libpsm_infinipath.so.1: cannot open shared object file: No such file or directory (ignored)
[cloud-02-04.cluster.roma3:2662185] mca_base_component_repository_open: unable to open mca_mtl_psm: libpsm_infinipath.so.1: cannot open shared object file: No such file or directory (ignored)
world_size  32 rank 0
N_dim: 2, Npunti: 64000000, NThreads: 1, nConfs: 100, Beta: 0.45
Memory usage of the rng: 8 Bytes
[INIT] Rank=0, N_local=2000000, first 5 global_idx: 0(-) 1(-) 2(-) 3(-) 4(-) 
[INIT] Rank=1, N_local=2000000, first 5 global_idx: 16000000(-) 16000001(-) 16000002(-) 16000003(-) 16000004(+) 
[INIT] Rank=2, N_local=2000000, first 5 global_idx: 32000000(-) 32000001(+) 32000002(+) 32000003(+) 32000004(+) 
[INIT] Rank=3, N_local=2000000, first 5 global_idx: 48000000(-) 48000001(-) 48000002(+) 48000003(+) 48000004(-) 
[INIT] Rank=4, N_local=2000000, first 5 global_idx: 1000(-) 1001(-) 1002(+) 1003(+) 1004(-) 
[INIT] Rank=5, N_local=2000000, first 5 global_idx: 16001000(-) 16001001(+) 16001002(-) 16001003(+) 16001004(-) 
[INIT] Rank=6, N_local=2000000, first 5 global_idx: 32001000(+) 32001001(-) 32001002(-) 32001003(+) 32001004(-) 
[INIT] Rank=7, N_local=2000000, first 5 global_idx: 48001000(+) 48001001(-) 48001002(+) 48001003(+) 48001004(+) 
[INIT] Rank=8, N_local=2000000, first 5 global_idx: 2000(-) 2001(+) 2002(-) 2003(-) 2004(+) 
[INIT] Rank=9, N_local=2000000, first 5 global_idx: 16002000(+) 16002001(-) 16002002(-) 16002003(+) 16002004(-) 
[INIT] Rank=10, N_local=2000000, first 5 global_idx: 32002000(+) 32002001(+) 32002002(+) 32002003(+) 32002004(-) 
[INIT] Rank=11, N_local=2000000, first 5 global_idx: 48002000(+) 48002001(-) 48002002(-) 48002003(+) 48002004(+) 
[INIT] Rank=12, N_local=2000000, first 5 global_idx: 3000(+) 3001(-) 3002(-) 3003(+) 3004(-) 
[INIT] Rank=13, N_local=2000000, first 5 global_idx: 16003000(+) 16003001(+) 16003002(-) 16003003(+) 16003004(-) 
[INIT] Rank=14, N_local=2000000, first 5 global_idx: 32003000(+) 32003001(+) 32003002(-) 32003003(-) 32003004(+) 
[INIT] Rank=15, N_local=2000000, first 5 global_idx: 48003000(-) 48003001(-) 48003002(-) 48003003(+) 48003004(-) 
[INIT] Rank=16, N_local=2000000, first 5 global_idx: 4000(-) 4001(-) 4002(+) 4003(-) 4004(+) 
[INIT] Rank=17, N_local=2000000, first 5 global_idx: 16004000(+) 16004001(-) 16004002(+) 16004003(-) 16004004(+) 
[INIT] Rank=18, N_local=2000000, first 5 global_idx: 32004000(-) 32004001(+) 32004002(+) 32004003(-) 32004004(-) 
[INIT] Rank=19, N_local=2000000, first 5 global_idx: 48004000(-) 48004001(+) 48004002(-) 48004003(-) 48004004(+) 
[INIT] Rank=20, N_local=2000000, first 5 global_idx: 5000(+) 5001(-) 5002(-) 5003(-) 5004(-) 
[INIT] Rank=21, N_local=2000000, first 5 global_idx: 16005000(-) 16005001(-) 16005002(-) 16005003(-) 16005004(+) 
[INIT] Rank=22, N_local=2000000, first 5 global_idx: 32005000(+) 32005001(+) 32005002(-) 32005003(-) 32005004(+) 
[INIT] Rank=23, N_local=2000000, first 5 global_idx: 48005000(+) 48005001(-) 48005002(-) 48005003(+) 48005004(-) 
[INIT] Rank=24, N_local=2000000, first 5 global_idx: 6000(-) 6001(+) 6002(+) 6003(+) 6004(-) 
[INIT] Rank=25, N_local=2000000, first 5 global_idx: 16006000(+) 16006001(+) 16006002(+) 16006003(+) 16006004(-) 
[INIT] Rank=26, N_local=2000000, first 5 global_idx: 32006000(-) 32006001(-) 32006002(+) 32006003(+) 32006004(+) 
[INIT] Rank=27, N_local=2000000, first 5 global_idx: 48006000(+) 48006001(-) 48006002(-) 48006003(+) 48006004(+) 
[INIT] Rank=28, N_local=2000000, first 5 global_idx: 7000(-) 7001(+) 7002(-) 7003(+) 7004(+) 
[INIT] Rank=29, N_local=2000000, first 5 global_idx: 16007000(+) 16007001(-) 16007002(+) 16007003(+) 16007004(+) 
[INIT] Rank=30, N_local=2000000, first 5 global_idx: 32007000(+) 32007001(-) 32007002(+) 32007003(+) 32007004(-) 
[INIT] Rank=31, N_local=2000000, first 5 global_idx: 48007000(-) 48007001(+) 48007002(+) 48007003(-) 48007004(+) 
Output file: output/meas_32rank_8000x8000.txt

          PERFORMANCE PROFILING        
Total runtime:                155.568 s (100.0%)
Computation time:             133.687 s ( 85.9%)
MPI Communication:              3.114 s (  2.0%)
I/O (file write):               0.016 s (  0.0%)
Initialitation time:           18.751 s ( 12.1%)
Overhead:                      18.752 s ( 12.1%)
Configurations:               100
Time per config:                1.556 s
