[wn-01-01-08.cluster.roma3:2883540] mca_base_component_repository_open: unable to open mca_btl_openib: libosmcomp.so.4: cannot open shared object file: No such file or directory (ignored)
[wn-01-01-08.cluster.roma3:2883544] mca_base_component_repository_open: unable to open mca_btl_openib: libosmcomp.so.4: cannot open shared object file: No such file or directory (ignored)
[wn-01-01-08.cluster.roma3:2883543] mca_base_component_repository_open: unable to open mca_btl_openib: libosmcomp.so.4: cannot open shared object file: No such file or directory (ignored)
[wn-01-01-08.cluster.roma3:2883540] mca_base_component_repository_open: unable to open mca_mtl_psm: libpsm_infinipath.so.1: cannot open shared object file: No such file or directory (ignored)
[wn-01-01-08.cluster.roma3:2883544] mca_base_component_repository_open: unable to open mca_mtl_psm: libpsm_infinipath.so.1: cannot open shared object file: No such file or directory (ignored)
[wn-01-01-08.cluster.roma3:2883542] mca_base_component_repository_open: unable to open mca_btl_openib: libosmcomp.so.4: cannot open shared object file: No such file or directory (ignored)
[wn-01-01-08.cluster.roma3:2883543] mca_base_component_repository_open: unable to open mca_mtl_psm: libpsm_infinipath.so.1: cannot open shared object file: No such file or directory (ignored)
[wn-01-01-08.cluster.roma3:2883542] mca_base_component_repository_open: unable to open mca_mtl_psm: libpsm_infinipath.so.1: cannot open shared object file: No such file or directory (ignored)
[wn-01-01-08.cluster.roma3:2883539] mca_base_component_repository_open: unable to open mca_btl_openib: libosmcomp.so.4: cannot open shared object file: No such file or directory (ignored)
[wn-01-01-08.cluster.roma3:2883541] mca_base_component_repository_open: unable to open mca_btl_openib: libosmcomp.so.4: cannot open shared object file: No such file or directory (ignored)
[wn-01-01-08.cluster.roma3:2883539] mca_base_component_repository_open: unable to open mca_mtl_psm: libpsm_infinipath.so.1: cannot open shared object file: No such file or directory (ignored)
[wn-01-01-08.cluster.roma3:2883545] mca_base_component_repository_open: unable to open mca_btl_openib: libosmcomp.so.4: cannot open shared object file: No such file or directory (ignored)
[wn-01-01-08.cluster.roma3:2883541] mca_base_component_repository_open: unable to open mca_mtl_psm: libpsm_infinipath.so.1: cannot open shared object file: No such file or directory (ignored)
[wn-01-01-08.cluster.roma3:2883545] mca_base_component_repository_open: unable to open mca_mtl_psm: libpsm_infinipath.so.1: cannot open shared object file: No such file or directory (ignored)
world_size  7 rank 0
N_dim: 2, Npunti: 70560000, NThreads: 4, nConfs: 100, Beta: 0.45
Memory usage of the rng: 8 Bytes
Output file: output/meas_7rank_8400x8400.txt

          PERFORMANCE PROFILING        
Total runtime:                 34.547 s (100.0%)
Computation time:              28.393 s ( 82.2%)
MPI Communication:              0.127 s (  0.4%)
I/O (file write):               0.009 s (  0.0%)
Initialitation time:            6.018 s ( 17.4%)
Overhead:                       0.000 s (  0.0%)
Configurations:               100
Time per config:                0.345 s
