[wn-01-01-02.cluster.roma3:1065859] mca_base_component_repository_open: unable to open mca_mtl_psm: libpsm_infinipath.so.1: cannot open shared object file: No such file or directory (ignored)
[wn-01-01-02.cluster.roma3:1065863] mca_base_component_repository_open: unable to open mca_mtl_psm: libpsm_infinipath.so.1: cannot open shared object file: No such file or directory (ignored)
[wn-01-01-02.cluster.roma3:1065861] mca_base_component_repository_open: unable to open mca_mtl_psm: libpsm_infinipath.so.1: cannot open shared object file: No such file or directory (ignored)
[wn-01-01-02.cluster.roma3:1065865] mca_base_component_repository_open: unable to open mca_mtl_psm: libpsm_infinipath.so.1: cannot open shared object file: No such file or directory (ignored)
[wn-01-01-02.cluster.roma3:1065858] mca_base_component_repository_open: unable to open mca_mtl_psm: libpsm_infinipath.so.1: cannot open shared object file: No such file or directory (ignored)
[wn-01-01-02.cluster.roma3:1065862] mca_base_component_repository_open: unable to open mca_mtl_psm: libpsm_infinipath.so.1: cannot open shared object file: No such file or directory (ignored)
[wn-01-01-02.cluster.roma3:1065864] mca_base_component_repository_open: unable to open mca_mtl_psm: libpsm_infinipath.so.1: cannot open shared object file: No such file or directory (ignored)
[wn-01-01-02.cluster.roma3:1065860] mca_base_component_repository_open: unable to open mca_mtl_psm: libpsm_infinipath.so.1: cannot open shared object file: No such file or directory (ignored)
world_size  8 rank 0
N_dim: 2, Npunti: 256000000, NThreads: 4, nConfs: 100, Beta: 0.45
Memory usage of the rng: 4 Bytes
Output file: output/meas_8rank_16000x16000.txt

          PERFORMANCE PROFILING        
Total runtime:                632.392 s (100.0%)
Computation time:             599.509 s ( 94.8%)
MPI Communication:              7.324 s (  1.2%)
I/O (file write):               0.020 s (  0.0%)
Initialitation time:           25.538 s (  4.0%)
Overhead:                       0.000 s (  0.0%)
Configurations:               100
Time per config:                6.324 s
