[wn-01-01-08.cluster.roma3:2881977] mca_base_component_repository_open: unable to open mca_btl_openib: libosmcomp.so.4: cannot open shared object file: No such file or directory (ignored)
[wn-01-01-08.cluster.roma3:2881979] mca_base_component_repository_open: unable to open mca_btl_openib: libosmcomp.so.4: cannot open shared object file: No such file or directory (ignored)
[wn-01-01-08.cluster.roma3:2881978] mca_base_component_repository_open: unable to open mca_btl_openib: libosmcomp.so.4: cannot open shared object file: No such file or directory (ignored)
[wn-01-01-08.cluster.roma3:2881979] mca_base_component_repository_open: unable to open mca_mtl_psm: libpsm_infinipath.so.1: cannot open shared object file: No such file or directory (ignored)
[wn-01-01-08.cluster.roma3:2881977] mca_base_component_repository_open: unable to open mca_mtl_psm: libpsm_infinipath.so.1: cannot open shared object file: No such file or directory (ignored)
[wn-01-01-08.cluster.roma3:2881980] mca_base_component_repository_open: unable to open mca_btl_openib: libosmcomp.so.4: cannot open shared object file: No such file or directory (ignored)
[wn-01-01-08.cluster.roma3:2881976] mca_base_component_repository_open: unable to open mca_btl_openib: libosmcomp.so.4: cannot open shared object file: No such file or directory (ignored)
[wn-01-01-08.cluster.roma3:2881978] mca_base_component_repository_open: unable to open mca_mtl_psm: libpsm_infinipath.so.1: cannot open shared object file: No such file or directory (ignored)
[wn-01-01-08.cluster.roma3:2881980] mca_base_component_repository_open: unable to open mca_mtl_psm: libpsm_infinipath.so.1: cannot open shared object file: No such file or directory (ignored)
[wn-01-01-08.cluster.roma3:2881976] mca_base_component_repository_open: unable to open mca_mtl_psm: libpsm_infinipath.so.1: cannot open shared object file: No such file or directory (ignored)
world_size  5 rank 0
N_dim: 2, Npunti: 70560000, NThreads: 6, nConfs: 100, Beta: 0.45
Memory usage of the rng: 8 Bytes
Output file: output/meas_5rank_8400x8400.txt

          PERFORMANCE PROFILING        
Total runtime:                 28.167 s (100.0%)
Computation time:              21.735 s ( 77.2%)
MPI Communication:              0.758 s (  2.7%)
I/O (file write):               0.010 s (  0.0%)
Initialitation time:            5.664 s ( 20.1%)
Overhead:                       0.000 s (  0.0%)
Configurations:               100
Time per config:                0.282 s
