[wn-01-01-02.cluster.roma3:18738] mca_base_component_repository_open: unable to open mca_mtl_psm: libpsm_infinipath.so.1: cannot open shared object file: No such file or directory (ignored)
[wn-01-01-02.cluster.roma3:18735] mca_base_component_repository_open: unable to open mca_mtl_psm: libpsm_infinipath.so.1: cannot open shared object file: No such file or directory (ignored)
[wn-01-01-02.cluster.roma3:18737] mca_base_component_repository_open: unable to open mca_mtl_psm: libpsm_infinipath.so.1: cannot open shared object file: No such file or directory (ignored)
[wn-01-01-02.cluster.roma3:18736] mca_base_component_repository_open: unable to open mca_mtl_psm: libpsm_infinipath.so.1: cannot open shared object file: No such file or directory (ignored)
[wn-01-01-02.cluster.roma3:18739] mca_base_component_repository_open: unable to open mca_mtl_psm: libpsm_infinipath.so.1: cannot open shared object file: No such file or directory (ignored)
[wn-01-01-02.cluster.roma3:18741] mca_base_component_repository_open: unable to open mca_mtl_psm: libpsm_infinipath.so.1: cannot open shared object file: No such file or directory (ignored)
[wn-01-01-02.cluster.roma3:18740] mca_base_component_repository_open: unable to open mca_mtl_psm: libpsm_infinipath.so.1: cannot open shared object file: No such file or directory (ignored)
[wn-01-01-02.cluster.roma3:18742] mca_base_component_repository_open: unable to open mca_mtl_psm: libpsm_infinipath.so.1: cannot open shared object file: No such file or directory (ignored)
[wn-01-01-02.cluster.roma3:18743] mca_base_component_repository_open: unable to open mca_mtl_psm: libpsm_infinipath.so.1: cannot open shared object file: No such file or directory (ignored)
[wn-01-01-02.cluster.roma3:18751] mca_base_component_repository_open: unable to open mca_mtl_psm: libpsm_infinipath.so.1: cannot open shared object file: No such file or directory (ignored)
[wn-01-01-02.cluster.roma3:18744] mca_base_component_repository_open: unable to open mca_mtl_psm: libpsm_infinipath.so.1: cannot open shared object file: No such file or directory (ignored)
[wn-01-01-02.cluster.roma3:18745] mca_base_component_repository_open: unable to open mca_mtl_psm: libpsm_infinipath.so.1: cannot open shared object file: No such file or directory (ignored)
[wn-01-01-02.cluster.roma3:18747] mca_base_component_repository_open: unable to open mca_mtl_psm: libpsm_infinipath.so.1: cannot open shared object file: No such file or directory (ignored)
[wn-01-01-02.cluster.roma3:18748] mca_base_component_repository_open: unable to open mca_mtl_psm: libpsm_infinipath.so.1: cannot open shared object file: No such file or directory (ignored)
[wn-01-01-02.cluster.roma3:18749] mca_base_component_repository_open: unable to open mca_mtl_psm: libpsm_infinipath.so.1: cannot open shared object file: No such file or directory (ignored)
[wn-01-01-02.cluster.roma3:18746] mca_base_component_repository_open: unable to open mca_mtl_psm: libpsm_infinipath.so.1: cannot open shared object file: No such file or directory (ignored)
world_size  16 rank 0
N_dim: 2, Npunti: 256000000, NThreads: 2, nConfs: 100, Beta: 0.45
Memory usage of the rng: 8 Bytes
Output file: output/meas_16rank_16000x16000.txt

          PERFORMANCE PROFILING        
Total runtime:                112.736 s (100.0%)
Computation time:             108.098 s ( 95.9%)
MPI Communication:              1.044 s (  0.9%)
I/O (file write):               0.013 s (  0.0%)
Initialitation time:            3.581 s (  3.2%)
Overhead:                       0.000 s (  0.0%)
Configurations:               100
Time per config:                1.127 s
Bulk (rowing) time: 105.918182 s (1.059182 s/conf) | Boundary time: 2.179740 s (0.021797 s/conf)
