[wn-03-01-03.cluster.roma3:1235807] mca_base_component_repository_open: unable to open mca_btl_openib: libosmcomp.so.4: cannot open shared object file: No such file or directory (ignored)
[wn-03-01-03.cluster.roma3:1235805] mca_base_component_repository_open: unable to open mca_btl_openib: libosmcomp.so.4: cannot open shared object file: No such file or directory (ignored)
[wn-03-01-03.cluster.roma3:1235807] mca_base_component_repository_open: unable to open mca_mtl_psm: libpsm_infinipath.so.1: cannot open shared object file: No such file or directory (ignored)
[wn-03-01-03.cluster.roma3:1235806] mca_base_component_repository_open: unable to open mca_btl_openib: libosmcomp.so.4: cannot open shared object file: No such file or directory (ignored)
[wn-03-01-03.cluster.roma3:1235805] mca_base_component_repository_open: unable to open mca_mtl_psm: libpsm_infinipath.so.1: cannot open shared object file: No such file or directory (ignored)
[wn-03-01-03.cluster.roma3:1235806] mca_base_component_repository_open: unable to open mca_mtl_psm: libpsm_infinipath.so.1: cannot open shared object file: No such file or directory (ignored)
[wn-03-01-03.cluster.roma3:1235810] mca_base_component_repository_open: unable to open mca_btl_openib: libosmcomp.so.4: cannot open shared object file: No such file or directory (ignored)
[wn-03-01-03.cluster.roma3:1235804] mca_base_component_repository_open: unable to open mca_btl_openib: libosmcomp.so.4: cannot open shared object file: No such file or directory (ignored)
[wn-03-01-03.cluster.roma3:1235811] mca_base_component_repository_open: unable to open mca_btl_openib: libosmcomp.so.4: cannot open shared object file: No such file or directory (ignored)
[wn-03-01-03.cluster.roma3:1235809] mca_base_component_repository_open: unable to open mca_btl_openib: libosmcomp.so.4: cannot open shared object file: No such file or directory (ignored)
[wn-03-01-03.cluster.roma3:1235812] mca_base_component_repository_open: unable to open mca_btl_openib: libosmcomp.so.4: cannot open shared object file: No such file or directory (ignored)
[wn-03-01-03.cluster.roma3:1235804] mca_base_component_repository_open: unable to open mca_mtl_psm: libpsm_infinipath.so.1: cannot open shared object file: No such file or directory (ignored)
[wn-03-01-03.cluster.roma3:1235811] mca_base_component_repository_open: unable to open mca_mtl_psm: libpsm_infinipath.so.1: cannot open shared object file: No such file or directory (ignored)
[wn-03-01-03.cluster.roma3:1235810] mca_base_component_repository_open: unable to open mca_mtl_psm: libpsm_infinipath.so.1: cannot open shared object file: No such file or directory (ignored)
[wn-03-01-03.cluster.roma3:1235812] mca_base_component_repository_open: unable to open mca_mtl_psm: libpsm_infinipath.so.1: cannot open shared object file: No such file or directory (ignored)
[wn-03-01-03.cluster.roma3:1235809] mca_base_component_repository_open: unable to open mca_mtl_psm: libpsm_infinipath.so.1: cannot open shared object file: No such file or directory (ignored)
[wn-03-01-03.cluster.roma3:1235813] mca_base_component_repository_open: unable to open mca_btl_openib: libosmcomp.so.4: cannot open shared object file: No such file or directory (ignored)
[wn-03-01-03.cluster.roma3:1235816] mca_base_component_repository_open: unable to open mca_btl_openib: libosmcomp.so.4: cannot open shared object file: No such file or directory (ignored)
[wn-03-01-03.cluster.roma3:1235813] mca_base_component_repository_open: unable to open mca_mtl_psm: libpsm_infinipath.so.1: cannot open shared object file: No such file or directory (ignored)
[wn-03-01-03.cluster.roma3:1235808] mca_base_component_repository_open: unable to open mca_btl_openib: libosmcomp.so.4: cannot open shared object file: No such file or directory (ignored)
[wn-03-01-03.cluster.roma3:1235808] mca_base_component_repository_open: unable to open mca_mtl_psm: libpsm_infinipath.so.1: cannot open shared object file: No such file or directory (ignored)
[wn-03-01-03.cluster.roma3:1235816] mca_base_component_repository_open: unable to open mca_mtl_psm: libpsm_infinipath.so.1: cannot open shared object file: No such file or directory (ignored)
[wn-03-01-03.cluster.roma3:1235817] mca_base_component_repository_open: unable to open mca_btl_openib: libosmcomp.so.4: cannot open shared object file: No such file or directory (ignored)
[wn-03-01-03.cluster.roma3:1235817] mca_base_component_repository_open: unable to open mca_mtl_psm: libpsm_infinipath.so.1: cannot open shared object file: No such file or directory (ignored)
[wn-03-01-03.cluster.roma3:1235814] mca_base_component_repository_open: unable to open mca_btl_openib: libosmcomp.so.4: cannot open shared object file: No such file or directory (ignored)
[wn-03-01-03.cluster.roma3:1235815] mca_base_component_repository_open: unable to open mca_btl_openib: libosmcomp.so.4: cannot open shared object file: No such file or directory (ignored)
[wn-03-01-03.cluster.roma3:1235814] mca_base_component_repository_open: unable to open mca_mtl_psm: libpsm_infinipath.so.1: cannot open shared object file: No such file or directory (ignored)
[wn-03-01-03.cluster.roma3:1235815] mca_base_component_repository_open: unable to open mca_mtl_psm: libpsm_infinipath.so.1: cannot open shared object file: No such file or directory (ignored)
--------------------------------------------------------------------------
MPI_ABORT was invoked on rank 8 in communicator MPI_COMM_WORLD
with errorcode 1.

NOTE: invoking MPI_ABORT causes Open MPI to kill all MPI processes.
You may or may not see output from other processes, depending on
exactly when Open MPI kills them.
--------------------------------------------------------------------------
[wn-03-01-03.cluster.roma3:1235799] PMIX ERROR: UNREACHABLE in file server/pmix_server.c at line 2193
[wn-03-01-03.cluster.roma3:1235799] PMIX ERROR: UNREACHABLE in file server/pmix_server.c at line 2193
[wn-03-01-03.cluster.roma3:1235799] PMIX ERROR: UNREACHABLE in file server/pmix_server.c at line 2193
[wn-03-01-03.cluster.roma3:1235799] PMIX ERROR: UNREACHABLE in file server/pmix_server.c at line 2193
[wn-03-01-03.cluster.roma3:1235799] PMIX ERROR: UNREACHABLE in file server/pmix_server.c at line 2193
[wn-03-01-03.cluster.roma3:1235799] PMIX ERROR: UNREACHABLE in file server/pmix_server.c at line 2193
[wn-03-01-03.cluster.roma3:1235799] 7 more processes have sent help message help-mpi-api.txt / mpi-abort
[wn-03-01-03.cluster.roma3:1235799] Set MCA parameter "orte_base_help_aggregate" to 0 to see all help / error messages
