[wn-03-01-03.cluster.roma3:1234236] mca_base_component_repository_open: unable to open mca_btl_openib: libosmcomp.so.4: cannot open shared object file: No such file or directory (ignored)
[wn-03-01-03.cluster.roma3:1234238] mca_base_component_repository_open: unable to open mca_btl_openib: libosmcomp.so.4: cannot open shared object file: No such file or directory (ignored)
[wn-03-01-03.cluster.roma3:1234239] mca_base_component_repository_open: unable to open mca_btl_openib: libosmcomp.so.4: cannot open shared object file: No such file or directory (ignored)
[wn-03-01-03.cluster.roma3:1234237] mca_base_component_repository_open: unable to open mca_btl_openib: libosmcomp.so.4: cannot open shared object file: No such file or directory (ignored)
[wn-03-01-03.cluster.roma3:1234238] mca_base_component_repository_open: unable to open mca_mtl_psm: libpsm_infinipath.so.1: cannot open shared object file: No such file or directory (ignored)
[wn-03-01-03.cluster.roma3:1234236] mca_base_component_repository_open: unable to open mca_mtl_psm: libpsm_infinipath.so.1: cannot open shared object file: No such file or directory (ignored)
[wn-03-01-03.cluster.roma3:1234237] mca_base_component_repository_open: unable to open mca_mtl_psm: libpsm_infinipath.so.1: cannot open shared object file: No such file or directory (ignored)
[wn-03-01-03.cluster.roma3:1234239] mca_base_component_repository_open: unable to open mca_mtl_psm: libpsm_infinipath.so.1: cannot open shared object file: No such file or directory (ignored)
N_dim: 2, Npunti: 256000000, NThreads: 8, nConfs: 100, Beta: 0.45
numero di rank: 4
Output file: output/meas_4rank_16000x16000.txt

          PERFORMANCE PROFILING        
Total runtime:                 32.821 s (100.0%)
Computation time:              29.581 s ( 90.1%)
MPI Communication:              1.443 s (  4.4%)
I/O (file write):               0.002 s (  0.0%)
Initialitation time:            1.795 s (  5.5%)
Overhead:                       0.000 s (  0.0%)
Configurations:               100
Time per config:                0.328 s
Bulk (rowing) time: 29.557953 s (0.295580 s/conf) | Boundary time: 0.022699 s (0.000227 s/conf)
