[wn-01-01-08.cluster.roma3:2891983] mca_base_component_repository_open: unable to open mca_btl_openib: libosmcomp.so.4: cannot open shared object file: No such file or directory (ignored)
[wn-01-01-08.cluster.roma3:2891984] mca_base_component_repository_open: unable to open mca_btl_openib: libosmcomp.so.4: cannot open shared object file: No such file or directory (ignored)
[wn-01-01-08.cluster.roma3:2891985] mca_base_component_repository_open: unable to open mca_btl_openib: libosmcomp.so.4: cannot open shared object file: No such file or directory (ignored)
[wn-01-01-08.cluster.roma3:2891983] mca_base_component_repository_open: unable to open mca_mtl_psm: libpsm_infinipath.so.1: cannot open shared object file: No such file or directory (ignored)
[wn-01-01-08.cluster.roma3:2891985] mca_base_component_repository_open: unable to open mca_mtl_psm: libpsm_infinipath.so.1: cannot open shared object file: No such file or directory (ignored)
[wn-01-01-08.cluster.roma3:2891984] mca_base_component_repository_open: unable to open mca_mtl_psm: libpsm_infinipath.so.1: cannot open shared object file: No such file or directory (ignored)
[wn-01-01-08.cluster.roma3:2891988] mca_base_component_repository_open: unable to open mca_btl_openib: libosmcomp.so.4: cannot open shared object file: No such file or directory (ignored)
[wn-01-01-08.cluster.roma3:2891986] mca_base_component_repository_open: unable to open mca_btl_openib: libosmcomp.so.4: cannot open shared object file: No such file or directory (ignored)
[wn-01-01-08.cluster.roma3:2891988] mca_base_component_repository_open: unable to open mca_mtl_psm: libpsm_infinipath.so.1: cannot open shared object file: No such file or directory (ignored)
[wn-01-01-08.cluster.roma3:2891987] mca_base_component_repository_open: unable to open mca_btl_openib: libosmcomp.so.4: cannot open shared object file: No such file or directory (ignored)
[wn-01-01-08.cluster.roma3:2891986] mca_base_component_repository_open: unable to open mca_mtl_psm: libpsm_infinipath.so.1: cannot open shared object file: No such file or directory (ignored)
[wn-01-01-08.cluster.roma3:2891987] mca_base_component_repository_open: unable to open mca_mtl_psm: libpsm_infinipath.so.1: cannot open shared object file: No such file or directory (ignored)
world_size  6 rank 0
N_dim: 2, Npunti: 72000000, NThreads: 5, nConfs: 100, Beta: 0.45
Memory usage of the rng: 8 Bytes
Output file: output/meas_6rank_12000x6000.txt

          PERFORMANCE PROFILING        
Total runtime:                 27.810 s (100.0%)
Computation time:              19.919 s ( 71.6%)
MPI Communication:              2.192 s (  7.9%)
I/O (file write):               0.022 s (  0.1%)
Initialitation time:            5.677 s ( 20.4%)
Overhead:                       0.000 s (  0.0%)
Configurations:               100
Time per config:                0.278 s
