[wn-01-01-02.cluster.roma3:788983] mca_base_component_repository_open: unable to open mca_mtl_psm: libpsm_infinipath.so.1: cannot open shared object file: No such file or directory (ignored)
[wn-01-01-02.cluster.roma3:788986] mca_base_component_repository_open: unable to open mca_mtl_psm: libpsm_infinipath.so.1: cannot open shared object file: No such file or directory (ignored)
[wn-01-01-02.cluster.roma3:788984] mca_base_component_repository_open: unable to open mca_mtl_psm: libpsm_infinipath.so.1: cannot open shared object file: No such file or directory (ignored)
[wn-01-01-02.cluster.roma3:788987] mca_base_component_repository_open: unable to open mca_mtl_psm: libpsm_infinipath.so.1: cannot open shared object file: No such file or directory (ignored)
[wn-01-01-02.cluster.roma3:788990] mca_base_component_repository_open: unable to open mca_mtl_psm: libpsm_infinipath.so.1: cannot open shared object file: No such file or directory (ignored)
[wn-01-01-02.cluster.roma3:788985] mca_base_component_repository_open: unable to open mca_mtl_psm: libpsm_infinipath.so.1: cannot open shared object file: No such file or directory (ignored)
[wn-01-01-02.cluster.roma3:788989] mca_base_component_repository_open: unable to open mca_mtl_psm: libpsm_infinipath.so.1: cannot open shared object file: No such file or directory (ignored)
[wn-01-01-02.cluster.roma3:788988] mca_base_component_repository_open: unable to open mca_mtl_psm: libpsm_infinipath.so.1: cannot open shared object file: No such file or directory (ignored)
N_dim: 3, Npunti: 64000000, NThreads: 4, nConfs: 100, Beta: 0.45
numero di rank: 8
Output file: output/meas_8rank_400x400x400.txt

          PERFORMANCE PROFILING        
Total runtime:                 20.382 s (100.0%)
Computation time:              18.533 s ( 90.9%)
MPI Communication:              0.813 s (  4.0%)
I/O (file write):               0.003 s (  0.0%)
Initialitation time:            1.033 s (  5.1%)
Overhead:                       0.000 s (  0.0%)
Configurations:               100
Time per config:                0.204 s
Bulk (rowing) time: 16.982350 s (0.169824 s/conf) | Boundary time: 1.550337 s (0.015503 s/conf)
