[wn-01-01-02.cluster.roma3:789042] mca_base_component_repository_open: unable to open mca_mtl_psm: libpsm_infinipath.so.1: cannot open shared object file: No such file or directory (ignored)
[wn-01-01-02.cluster.roma3:789039] mca_base_component_repository_open: unable to open mca_mtl_psm: libpsm_infinipath.so.1: cannot open shared object file: No such file or directory (ignored)
[wn-01-01-02.cluster.roma3:789038] mca_base_component_repository_open: unable to open mca_mtl_psm: libpsm_infinipath.so.1: cannot open shared object file: No such file or directory (ignored)
[wn-01-01-02.cluster.roma3:789040] mca_base_component_repository_open: unable to open mca_mtl_psm: libpsm_infinipath.so.1: cannot open shared object file: No such file or directory (ignored)
[wn-01-01-02.cluster.roma3:789045] mca_base_component_repository_open: unable to open mca_mtl_psm: libpsm_infinipath.so.1: cannot open shared object file: No such file or directory (ignored)
[wn-01-01-02.cluster.roma3:789043] mca_base_component_repository_open: unable to open mca_mtl_psm: libpsm_infinipath.so.1: cannot open shared object file: No such file or directory (ignored)
[wn-01-01-02.cluster.roma3:789044] mca_base_component_repository_open: unable to open mca_mtl_psm: libpsm_infinipath.so.1: cannot open shared object file: No such file or directory (ignored)
[wn-01-01-02.cluster.roma3:789041] mca_base_component_repository_open: unable to open mca_mtl_psm: libpsm_infinipath.so.1: cannot open shared object file: No such file or directory (ignored)
N_dim: 3, Npunti: 64000000, NThreads: 4, nConfs: 100, Beta: 0.45
numero di rank: 8
Output file: output/meas_8rank_400x400x400.txt

          PERFORMANCE PROFILING        
Total runtime:                 20.485 s (100.0%)
Computation time:              18.298 s ( 89.3%)
MPI Communication:              1.157 s (  5.7%)
I/O (file write):               0.003 s (  0.0%)
Initialitation time:            1.026 s (  5.0%)
Overhead:                       0.000 s (  0.0%)
Configurations:               100
Time per config:                0.205 s
Bulk (rowing) time: 16.971078 s (0.169711 s/conf) | Boundary time: 1.326782 s (0.013268 s/conf)
